[0.030s] Invoking command in '/home/jr/ros2_ws/build/my_robot_bringup': CMAKE_PREFIX_PATH=${CMAKE_PREFIX_PATH}:/home/jr/ros2_ws/install/my_py_pkg:/opt/ros/humble LD_LIBRARY_PATH=/home/jr/ros2_ws/install/my_robot_interfaces/lib:/usr/lib/x86_64-linux-gnu/gazebo-11/plugins:/opt/ros/humble/opt/rviz_ogre_vendor/lib:/opt/ros/humble/lib/x86_64-linux-gnu:/opt/ros/humble/lib:/usr/share/gazebo/../../lib/x86_64-linux-gnu/gazebo-11/plugins PYTHONPATH=/home/jr/ros2_ws/build/my_py_pkg:${PYTHONPATH} /usr/bin/cmake --build /home/jr/ros2_ws/build/my_robot_bringup -- -j6 -l6
[0.076s] -- Found ament_cmake: 1.3.10 (/opt/ros/humble/share/ament_cmake/cmake)
[0.314s] -- Override CMake install command with custom implementation using symlinks instead of copying resources
[0.451s] -- Configuring done
[0.456s] -- Generating done
[0.458s] -- Build files have been written to: /home/jr/ros2_ws/build/my_robot_bringup
[0.490s] Invoked command in '/home/jr/ros2_ws/build/my_robot_bringup' returned '0': CMAKE_PREFIX_PATH=${CMAKE_PREFIX_PATH}:/home/jr/ros2_ws/install/my_py_pkg:/opt/ros/humble LD_LIBRARY_PATH=/home/jr/ros2_ws/install/my_robot_interfaces/lib:/usr/lib/x86_64-linux-gnu/gazebo-11/plugins:/opt/ros/humble/opt/rviz_ogre_vendor/lib:/opt/ros/humble/lib/x86_64-linux-gnu:/opt/ros/humble/lib:/usr/share/gazebo/../../lib/x86_64-linux-gnu/gazebo-11/plugins PYTHONPATH=/home/jr/ros2_ws/build/my_py_pkg:${PYTHONPATH} /usr/bin/cmake --build /home/jr/ros2_ws/build/my_robot_bringup -- -j6 -l6
[0.538s] Invoking command in '/home/jr/ros2_ws/build/my_robot_bringup': CMAKE_PREFIX_PATH=${CMAKE_PREFIX_PATH}:/home/jr/ros2_ws/install/my_py_pkg:/opt/ros/humble LD_LIBRARY_PATH=/home/jr/ros2_ws/install/my_robot_interfaces/lib:/usr/lib/x86_64-linux-gnu/gazebo-11/plugins:/opt/ros/humble/opt/rviz_ogre_vendor/lib:/opt/ros/humble/lib/x86_64-linux-gnu:/opt/ros/humble/lib:/usr/share/gazebo/../../lib/x86_64-linux-gnu/gazebo-11/plugins PYTHONPATH=/home/jr/ros2_ws/build/my_py_pkg:${PYTHONPATH} /usr/bin/cmake --install /home/jr/ros2_ws/build/my_robot_bringup
[0.550s] -- Install configuration: ""
[0.550s] -- Execute custom install script
[0.550s] -- Symlinking: /home/jr/ros2_ws/install/my_robot_bringup/share/my_robot_bringup/launch/my_robot_elevation.launch.py
[0.564s] -- Up-to-date symlink: /home/jr/ros2_ws/install/my_robot_bringup/share/my_robot_bringup/launch/number_app.launch.py
[0.564s] -- Up-to-date symlink: /home/jr/ros2_ws/install/my_robot_bringup/share/ament_index/resource_index/package_run_dependencies/my_robot_bringup
[0.564s] -- Up-to-date symlink: /home/jr/ros2_ws/install/my_robot_bringup/share/ament_index/resource_index/parent_prefix_path/my_robot_bringup
[0.564s] -- Up-to-date symlink: /home/jr/ros2_ws/install/my_robot_bringup/share/my_robot_bringup/environment/ament_prefix_path.sh
[0.564s] -- Up-to-date symlink: /home/jr/ros2_ws/install/my_robot_bringup/share/my_robot_bringup/environment/ament_prefix_path.dsv
[0.564s] -- Up-to-date symlink: /home/jr/ros2_ws/install/my_robot_bringup/share/my_robot_bringup/environment/path.sh
[0.566s] -- Up-to-date symlink: /home/jr/ros2_ws/install/my_robot_bringup/share/my_robot_bringup/environment/path.dsv
[0.566s] -- Up-to-date symlink: /home/jr/ros2_ws/install/my_robot_bringup/share/my_robot_bringup/local_setup.bash
[0.566s] -- Up-to-date symlink: /home/jr/ros2_ws/install/my_robot_bringup/share/my_robot_bringup/local_setup.sh
[0.566s] -- Up-to-date symlink: /home/jr/ros2_ws/install/my_robot_bringup/share/my_robot_bringup/local_setup.zsh
[0.566s] -- Up-to-date symlink: /home/jr/ros2_ws/install/my_robot_bringup/share/my_robot_bringup/local_setup.dsv
[0.567s] -- Symlinking: /home/jr/ros2_ws/install/my_robot_bringup/share/my_robot_bringup/package.dsv
[0.578s] -- Up-to-date symlink: /home/jr/ros2_ws/install/my_robot_bringup/share/ament_index/resource_index/packages/my_robot_bringup
[0.578s] -- Up-to-date symlink: /home/jr/ros2_ws/install/my_robot_bringup/share/my_robot_bringup/cmake/my_robot_bringupConfig.cmake
[0.579s] -- Up-to-date symlink: /home/jr/ros2_ws/install/my_robot_bringup/share/my_robot_bringup/cmake/my_robot_bringupConfig-version.cmake
[0.579s] -- Up-to-date symlink: /home/jr/ros2_ws/install/my_robot_bringup/share/my_robot_bringup/package.xml
[0.582s] Invoked command in '/home/jr/ros2_ws/build/my_robot_bringup' returned '0': CMAKE_PREFIX_PATH=${CMAKE_PREFIX_PATH}:/home/jr/ros2_ws/install/my_py_pkg:/opt/ros/humble LD_LIBRARY_PATH=/home/jr/ros2_ws/install/my_robot_interfaces/lib:/usr/lib/x86_64-linux-gnu/gazebo-11/plugins:/opt/ros/humble/opt/rviz_ogre_vendor/lib:/opt/ros/humble/lib/x86_64-linux-gnu:/opt/ros/humble/lib:/usr/share/gazebo/../../lib/x86_64-linux-gnu/gazebo-11/plugins PYTHONPATH=/home/jr/ros2_ws/build/my_py_pkg:${PYTHONPATH} /usr/bin/cmake --install /home/jr/ros2_ws/build/my_robot_bringup
