[1.321s] Invoking command in '/home/jr/ros2_ws/src/my_py_pkg': PYTHONPATH=/home/jr/ros2_ws/build/my_py_pkg/prefix_override:/usr/lib/python3/dist-packages/colcon_core/task/python/colcon_distutils_commands:/home/jr/ros2_ws/install/my_py_pkg/lib/python3.10/site-packages:${PYTHONPATH} /usr/bin/python3 -W ignore:setup.py install is deprecated setup.py egg_info --egg-base ../../build/my_py_pkg build --build-base /home/jr/ros2_ws/build/my_py_pkg/build install --record /home/jr/ros2_ws/build/my_py_pkg/install.log --single-version-externally-managed install_data
[1.843s] running egg_info
[1.844s] writing ../../build/my_py_pkg/my_py_pkg.egg-info/PKG-INFO
[1.845s] writing dependency_links to ../../build/my_py_pkg/my_py_pkg.egg-info/dependency_links.txt
[1.845s] writing entry points to ../../build/my_py_pkg/my_py_pkg.egg-info/entry_points.txt
[1.846s] writing requirements to ../../build/my_py_pkg/my_py_pkg.egg-info/requires.txt
[1.846s] writing top-level names to ../../build/my_py_pkg/my_py_pkg.egg-info/top_level.txt
[1.850s] reading manifest file '../../build/my_py_pkg/my_py_pkg.egg-info/SOURCES.txt'
[1.852s] writing manifest file '../../build/my_py_pkg/my_py_pkg.egg-info/SOURCES.txt'
[1.852s] running build
[1.852s] running build_py
[1.852s] copying my_py_pkg/smartphone.py -> /home/jr/ros2_ws/build/my_py_pkg/build/lib/my_py_pkg
[1.853s] running install
[1.854s] running install_lib
[1.855s] copying /home/jr/ros2_ws/build/my_py_pkg/build/lib/my_py_pkg/smartphone.py -> /home/jr/ros2_ws/install/my_py_pkg/lib/python3.10/site-packages/my_py_pkg
[1.856s] byte-compiling /home/jr/ros2_ws/install/my_py_pkg/lib/python3.10/site-packages/my_py_pkg/smartphone.py to smartphone.cpython-310.pyc
[1.857s] running install_data
[1.858s] running install_egg_info
[1.860s] removing '/home/jr/ros2_ws/install/my_py_pkg/lib/python3.10/site-packages/my_py_pkg-0.0.0-py3.10.egg-info' (and everything under it)
[1.862s] Copying ../../build/my_py_pkg/my_py_pkg.egg-info to /home/jr/ros2_ws/install/my_py_pkg/lib/python3.10/site-packages/my_py_pkg-0.0.0-py3.10.egg-info
[1.863s] running install_scripts
[1.906s] Installing add_two_ints_server script to /home/jr/ros2_ws/install/my_py_pkg/lib/my_py_pkg
[1.906s] Installing py_node script to /home/jr/ros2_ws/install/my_py_pkg/lib/my_py_pkg
[1.907s] Installing robot_news_station script to /home/jr/ros2_ws/install/my_py_pkg/lib/my_py_pkg
[1.907s] Installing smartphone script to /home/jr/ros2_ws/install/my_py_pkg/lib/my_py_pkg
[1.907s] writing list of installed files to '/home/jr/ros2_ws/build/my_py_pkg/install.log'
[1.946s] Invoked command in '/home/jr/ros2_ws/src/my_py_pkg' returned '0': PYTHONPATH=/home/jr/ros2_ws/build/my_py_pkg/prefix_override:/usr/lib/python3/dist-packages/colcon_core/task/python/colcon_distutils_commands:/home/jr/ros2_ws/install/my_py_pkg/lib/python3.10/site-packages:${PYTHONPATH} /usr/bin/python3 -W ignore:setup.py install is deprecated setup.py egg_info --egg-base ../../build/my_py_pkg build --build-base /home/jr/ros2_ws/build/my_py_pkg/build install --record /home/jr/ros2_ws/build/my_py_pkg/install.log --single-version-externally-managed install_data
