[0.211s] DEBUG:colcon:Command line arguments: ['/usr/bin/colcon', 'build']
[0.211s] DEBUG:colcon:Parsed command line arguments: Namespace(log_base=None, log_level=None, verb_name='build', build_base='build', install_base='install', merge_install=False, symlink_install=False, test_result_base=None, continue_on_error=False, executor='parallel', parallel_workers=6, event_handlers=None, ignore_user_meta=False, metas=['./colcon.meta'], base_paths=['.'], packages_ignore=None, packages_ignore_regex=None, paths=None, packages_up_to=None, packages_up_to_regex=None, packages_above=None, packages_above_and_dependencies=None, packages_above_depth=None, packages_select_by_dep=None, packages_skip_by_dep=None, packages_skip_up_to=None, packages_select_build_failed=False, packages_skip_build_finished=False, packages_select_test_failures=False, packages_skip_test_passed=False, packages_select=None, packages_skip=None, packages_select_regex=None, packages_skip_regex=None, packages_start=None, packages_end=None, allow_overriding=[], cmake_args=None, cmake_target=None, cmake_target_skip_unavailable=False, cmake_clean_cache=False, cmake_clean_first=False, cmake_force_configure=False, ament_cmake_args=None, catkin_cmake_args=None, catkin_skip_building_tests=False, mixin_files=None, mixin=None, verb_parser=<colcon_mixin.mixin.mixin_argument.MixinArgumentDecorator object at 0x7a7ef1d2f790>, verb_extension=<colcon_core.verb.build.BuildVerb object at 0x7a7ef1d2f1c0>, main=<bound method BuildVerb.main of <colcon_core.verb.build.BuildVerb object at 0x7a7ef1d2f1c0>>, mixin_verb=('build',))
[0.596s] Level 1:colcon.colcon_core.package_discovery:discover_packages(colcon_meta) check parameters
[0.596s] Level 1:colcon.colcon_core.package_discovery:discover_packages(recursive) check parameters
[0.596s] Level 1:colcon.colcon_core.package_discovery:discover_packages(ignore) check parameters
[0.596s] Level 1:colcon.colcon_core.package_discovery:discover_packages(path) check parameters
[0.596s] Level 1:colcon.colcon_core.package_discovery:discover_packages(colcon_meta) discover
[0.596s] Level 1:colcon.colcon_core.package_discovery:discover_packages(recursive) discover
[0.597s] INFO:colcon.colcon_core.package_discovery:Crawling recursively for packages in '/home/jr/ros2_ws'
[0.597s] Level 1:colcon.colcon_core.package_identification:_identify(.) by extensions ['ignore', 'ignore_ament_install']
[0.597s] Level 1:colcon.colcon_core.package_identification:_identify(.) by extension 'ignore'
[0.597s] Level 1:colcon.colcon_core.package_identification:_identify(.) by extension 'ignore_ament_install'
[0.597s] Level 1:colcon.colcon_core.package_identification:_identify(.) by extensions ['colcon_pkg']
[0.597s] Level 1:colcon.colcon_core.package_identification:_identify(.) by extension 'colcon_pkg'
[0.597s] Level 1:colcon.colcon_core.package_identification:_identify(.) by extensions ['colcon_meta']
[0.597s] Level 1:colcon.colcon_core.package_identification:_identify(.) by extension 'colcon_meta'
[0.597s] Level 1:colcon.colcon_core.package_identification:_identify(.) by extensions ['ros']
[0.597s] Level 1:colcon.colcon_core.package_identification:_identify(.) by extension 'ros'
[0.633s] Level 1:colcon.colcon_core.package_identification:_identify(.) by extensions ['cmake', 'python']
[0.634s] Level 1:colcon.colcon_core.package_identification:_identify(.) by extension 'cmake'
[0.634s] Level 1:colcon.colcon_core.package_identification:_identify(.) by extension 'python'
[0.634s] Level 1:colcon.colcon_core.package_identification:_identify(.) by extensions ['python_setup_py']
[0.634s] Level 1:colcon.colcon_core.package_identification:_identify(.) by extension 'python_setup_py'
[0.634s] Level 1:colcon.colcon_core.package_identification:_identify(build) by extensions ['ignore', 'ignore_ament_install']
[0.634s] Level 1:colcon.colcon_core.package_identification:_identify(build) by extension 'ignore'
[0.634s] Level 1:colcon.colcon_core.package_identification:_identify(build) ignored
[0.634s] Level 1:colcon.colcon_core.package_identification:_identify(install) by extensions ['ignore', 'ignore_ament_install']
[0.635s] Level 1:colcon.colcon_core.package_identification:_identify(install) by extension 'ignore'
[0.635s] Level 1:colcon.colcon_core.package_identification:_identify(install) ignored
[0.635s] Level 1:colcon.colcon_core.package_identification:_identify(log) by extensions ['ignore', 'ignore_ament_install']
[0.635s] Level 1:colcon.colcon_core.package_identification:_identify(log) by extension 'ignore'
[0.635s] Level 1:colcon.colcon_core.package_identification:_identify(log) ignored
[0.635s] Level 1:colcon.colcon_core.package_identification:_identify(src) by extensions ['ignore', 'ignore_ament_install']
[0.635s] Level 1:colcon.colcon_core.package_identification:_identify(src) by extension 'ignore'
[0.635s] Level 1:colcon.colcon_core.package_identification:_identify(src) by extension 'ignore_ament_install'
[0.635s] Level 1:colcon.colcon_core.package_identification:_identify(src) by extensions ['colcon_pkg']
[0.635s] Level 1:colcon.colcon_core.package_identification:_identify(src) by extension 'colcon_pkg'
[0.636s] Level 1:colcon.colcon_core.package_identification:_identify(src) by extensions ['colcon_meta']
[0.636s] Level 1:colcon.colcon_core.package_identification:_identify(src) by extension 'colcon_meta'
[0.636s] Level 1:colcon.colcon_core.package_identification:_identify(src) by extensions ['ros']
[0.636s] Level 1:colcon.colcon_core.package_identification:_identify(src) by extension 'ros'
[0.636s] Level 1:colcon.colcon_core.package_identification:_identify(src) by extensions ['cmake', 'python']
[0.636s] Level 1:colcon.colcon_core.package_identification:_identify(src) by extension 'cmake'
[0.636s] Level 1:colcon.colcon_core.package_identification:_identify(src) by extension 'python'
[0.636s] Level 1:colcon.colcon_core.package_identification:_identify(src) by extensions ['python_setup_py']
[0.636s] Level 1:colcon.colcon_core.package_identification:_identify(src) by extension 'python_setup_py'
[0.636s] Level 1:colcon.colcon_core.package_identification:_identify(src/my_py_pkg) by extensions ['ignore', 'ignore_ament_install']
[0.636s] Level 1:colcon.colcon_core.package_identification:_identify(src/my_py_pkg) by extension 'ignore'
[0.637s] Level 1:colcon.colcon_core.package_identification:_identify(src/my_py_pkg) by extension 'ignore_ament_install'
[0.637s] Level 1:colcon.colcon_core.package_identification:_identify(src/my_py_pkg) by extensions ['colcon_pkg']
[0.637s] Level 1:colcon.colcon_core.package_identification:_identify(src/my_py_pkg) by extension 'colcon_pkg'
[0.637s] Level 1:colcon.colcon_core.package_identification:_identify(src/my_py_pkg) by extensions ['colcon_meta']
[0.637s] Level 1:colcon.colcon_core.package_identification:_identify(src/my_py_pkg) by extension 'colcon_meta'
[0.637s] Level 1:colcon.colcon_core.package_identification:_identify(src/my_py_pkg) by extensions ['ros']
[0.637s] Level 1:colcon.colcon_core.package_identification:_identify(src/my_py_pkg) by extension 'ros'
[0.642s] DEBUG:colcon.colcon_core.package_identification:Package 'src/my_py_pkg' with type 'ros.ament_python' and name 'my_py_pkg'
[0.642s] Level 1:colcon.colcon_core.package_discovery:discover_packages(recursive) using defaults
[0.642s] Level 1:colcon.colcon_core.package_discovery:discover_packages(ignore) discover
[0.642s] Level 1:colcon.colcon_core.package_discovery:discover_packages(ignore) using defaults
[0.642s] Level 1:colcon.colcon_core.package_discovery:discover_packages(path) discover
[0.642s] Level 1:colcon.colcon_core.package_discovery:discover_packages(path) using defaults
[0.679s] Level 1:colcon.colcon_core.package_discovery:discover_packages(prefix_path) check parameters
[0.679s] Level 1:colcon.colcon_core.package_discovery:discover_packages(prefix_path) discover
[0.683s] DEBUG:colcon.colcon_installed_package_information.package_discovery:Found 1 installed packages in /home/jr/ros2_ws/install
[0.686s] DEBUG:colcon.colcon_installed_package_information.package_discovery:Found 329 installed packages in /opt/ros/humble
[0.690s] Level 1:colcon.colcon_core.package_discovery:discover_packages(prefix_path) using defaults
[0.804s] Level 5:colcon.colcon_core.verb:set package 'my_py_pkg' build argument 'cmake_args' from command line to 'None'
[0.804s] Level 5:colcon.colcon_core.verb:set package 'my_py_pkg' build argument 'cmake_target' from command line to 'None'
[0.804s] Level 5:colcon.colcon_core.verb:set package 'my_py_pkg' build argument 'cmake_target_skip_unavailable' from command line to 'False'
[0.804s] Level 5:colcon.colcon_core.verb:set package 'my_py_pkg' build argument 'cmake_clean_cache' from command line to 'False'
[0.804s] Level 5:colcon.colcon_core.verb:set package 'my_py_pkg' build argument 'cmake_clean_first' from command line to 'False'
[0.804s] Level 5:colcon.colcon_core.verb:set package 'my_py_pkg' build argument 'cmake_force_configure' from command line to 'False'
[0.804s] Level 5:colcon.colcon_core.verb:set package 'my_py_pkg' build argument 'ament_cmake_args' from command line to 'None'
[0.804s] Level 5:colcon.colcon_core.verb:set package 'my_py_pkg' build argument 'catkin_cmake_args' from command line to 'None'
[0.804s] Level 5:colcon.colcon_core.verb:set package 'my_py_pkg' build argument 'catkin_skip_building_tests' from command line to 'False'
[0.804s] DEBUG:colcon.colcon_core.verb:Building package 'my_py_pkg' with the following arguments: {'ament_cmake_args': None, 'build_base': '/home/jr/ros2_ws/build/my_py_pkg', 'catkin_cmake_args': None, 'catkin_skip_building_tests': False, 'cmake_args': None, 'cmake_clean_cache': False, 'cmake_clean_first': False, 'cmake_force_configure': False, 'cmake_target': None, 'cmake_target_skip_unavailable': False, 'install_base': '/home/jr/ros2_ws/install/my_py_pkg', 'merge_install': False, 'path': '/home/jr/ros2_ws/src/my_py_pkg', 'symlink_install': False, 'test_result_base': None}
[0.805s] INFO:colcon.colcon_core.executor:Executing jobs using 'parallel' executor
[0.806s] DEBUG:colcon.colcon_parallel_executor.executor.parallel:run_until_complete
[0.807s] INFO:colcon.colcon_ros.task.ament_python.build:Building ROS package in '/home/jr/ros2_ws/src/my_py_pkg' with build type 'ament_python'
[0.807s] Level 1:colcon.colcon_core.shell:create_environment_hook('my_py_pkg', 'ament_prefix_path')
[0.811s] INFO:colcon.colcon_core.plugin_system:Skipping extension 'colcon_core.shell.bat': Not used on non-Windows systems
[0.812s] INFO:colcon.colcon_core.shell:Creating environment hook '/home/jr/ros2_ws/install/my_py_pkg/share/my_py_pkg/hook/ament_prefix_path.ps1'
[0.813s] INFO:colcon.colcon_core.shell:Creating environment descriptor '/home/jr/ros2_ws/install/my_py_pkg/share/my_py_pkg/hook/ament_prefix_path.dsv'
[0.814s] INFO:colcon.colcon_core.shell:Creating environment hook '/home/jr/ros2_ws/install/my_py_pkg/share/my_py_pkg/hook/ament_prefix_path.sh'
[0.815s] INFO:colcon.colcon_core.shell:Skip shell extension 'powershell' for command environment: Not usable outside of PowerShell
[0.816s] DEBUG:colcon.colcon_core.shell:Skip shell extension 'dsv' for command environment
[1.415s] INFO:colcon.colcon_core.task.python.build:Building Python package in '/home/jr/ros2_ws/src/my_py_pkg'
[1.416s] INFO:colcon.colcon_core.shell:Skip shell extension 'powershell' for command environment: Not usable outside of PowerShell
[1.416s] DEBUG:colcon.colcon_core.shell:Skip shell extension 'dsv' for command environment
[2.181s] DEBUG:colcon.colcon_core.event_handler.log_command:Invoking command in '/home/jr/ros2_ws/src/my_py_pkg': PYTHONPATH=/home/jr/ros2_ws/build/my_py_pkg/prefix_override:/usr/lib/python3/dist-packages/colcon_core/task/python/colcon_distutils_commands:/home/jr/ros2_ws/install/my_py_pkg/lib/python3.10/site-packages:${PYTHONPATH} /usr/bin/python3 -W ignore:setup.py install is deprecated setup.py egg_info --egg-base ../../build/my_py_pkg build --build-base /home/jr/ros2_ws/build/my_py_pkg/build install --record /home/jr/ros2_ws/build/my_py_pkg/install.log --single-version-externally-managed install_data
[2.817s] DEBUG:colcon.colcon_core.event_handler.log_command:Invoked command in '/home/jr/ros2_ws/src/my_py_pkg' returned '0': PYTHONPATH=/home/jr/ros2_ws/build/my_py_pkg/prefix_override:/usr/lib/python3/dist-packages/colcon_core/task/python/colcon_distutils_commands:/home/jr/ros2_ws/install/my_py_pkg/lib/python3.10/site-packages:${PYTHONPATH} /usr/bin/python3 -W ignore:setup.py install is deprecated setup.py egg_info --egg-base ../../build/my_py_pkg build --build-base /home/jr/ros2_ws/build/my_py_pkg/build install --record /home/jr/ros2_ws/build/my_py_pkg/install.log --single-version-externally-managed install_data
[2.821s] Level 1:colcon.colcon_core.environment:checking '/home/jr/ros2_ws/install/my_py_pkg' for CMake module files
[2.822s] Level 1:colcon.colcon_core.environment:checking '/home/jr/ros2_ws/install/my_py_pkg' for CMake config files
[2.823s] Level 1:colcon.colcon_core.environment:checking '/home/jr/ros2_ws/install/my_py_pkg/lib'
[2.824s] Level 1:colcon.colcon_core.environment:checking '/home/jr/ros2_ws/install/my_py_pkg/bin'
[2.824s] Level 1:colcon.colcon_core.environment:checking '/home/jr/ros2_ws/install/my_py_pkg/lib/pkgconfig/my_py_pkg.pc'
[2.824s] Level 1:colcon.colcon_core.environment:checking '/home/jr/ros2_ws/install/my_py_pkg/lib/python3.10/site-packages'
[2.824s] Level 1:colcon.colcon_core.shell:create_environment_hook('my_py_pkg', 'pythonpath')
[2.825s] INFO:colcon.colcon_core.shell:Creating environment hook '/home/jr/ros2_ws/install/my_py_pkg/share/my_py_pkg/hook/pythonpath.ps1'
[2.826s] INFO:colcon.colcon_core.shell:Creating environment descriptor '/home/jr/ros2_ws/install/my_py_pkg/share/my_py_pkg/hook/pythonpath.dsv'
[2.826s] INFO:colcon.colcon_core.shell:Creating environment hook '/home/jr/ros2_ws/install/my_py_pkg/share/my_py_pkg/hook/pythonpath.sh'
[2.828s] Level 1:colcon.colcon_core.environment:checking '/home/jr/ros2_ws/install/my_py_pkg/bin'
[2.828s] Level 1:colcon.colcon_core.environment:create_environment_scripts_only(my_py_pkg)
[2.829s] INFO:colcon.colcon_core.shell:Creating package script '/home/jr/ros2_ws/install/my_py_pkg/share/my_py_pkg/package.ps1'
[2.830s] INFO:colcon.colcon_core.shell:Creating package descriptor '/home/jr/ros2_ws/install/my_py_pkg/share/my_py_pkg/package.dsv'
[2.831s] INFO:colcon.colcon_core.shell:Creating package script '/home/jr/ros2_ws/install/my_py_pkg/share/my_py_pkg/package.sh'
[2.834s] INFO:colcon.colcon_core.shell:Creating package script '/home/jr/ros2_ws/install/my_py_pkg/share/my_py_pkg/package.bash'
[2.836s] INFO:colcon.colcon_core.shell:Creating package script '/home/jr/ros2_ws/install/my_py_pkg/share/my_py_pkg/package.zsh'
[2.837s] Level 1:colcon.colcon_core.environment:create_file_with_runtime_dependencies(/home/jr/ros2_ws/install/my_py_pkg/share/colcon-core/packages/my_py_pkg)
[2.838s] DEBUG:colcon.colcon_parallel_executor.executor.parallel:closing loop
[2.838s] DEBUG:colcon.colcon_parallel_executor.executor.parallel:loop closed
[2.838s] DEBUG:colcon.colcon_parallel_executor.executor.parallel:run_until_complete finished with '0'
[2.838s] DEBUG:colcon.colcon_core.event_reactor:joining thread
[2.847s] INFO:colcon.colcon_core.plugin_system:Skipping extension 'colcon_notification.desktop_notification.terminal_notifier': Not used on non-Darwin systems
[2.847s] INFO:colcon.colcon_core.plugin_system:Skipping extension 'colcon_notification.desktop_notification.win32': Not used on non-Windows systems
[2.847s] INFO:colcon.colcon_notification.desktop_notification:Sending desktop notification using 'notify2'
[2.872s] DEBUG:colcon.colcon_core.event_reactor:joined thread
[2.872s] INFO:colcon.colcon_core.shell:Creating prefix script '/home/jr/ros2_ws/install/local_setup.ps1'
[2.875s] INFO:colcon.colcon_core.shell:Creating prefix util module '/home/jr/ros2_ws/install/_local_setup_util_ps1.py'
[2.880s] INFO:colcon.colcon_core.shell:Creating prefix chain script '/home/jr/ros2_ws/install/setup.ps1'
[2.883s] INFO:colcon.colcon_core.shell:Creating prefix script '/home/jr/ros2_ws/install/local_setup.sh'
[2.884s] INFO:colcon.colcon_core.shell:Creating prefix util module '/home/jr/ros2_ws/install/_local_setup_util_sh.py'
[2.886s] INFO:colcon.colcon_core.shell:Creating prefix chain script '/home/jr/ros2_ws/install/setup.sh'
[2.890s] INFO:colcon.colcon_core.shell:Creating prefix script '/home/jr/ros2_ws/install/local_setup.bash'
[2.893s] INFO:colcon.colcon_core.shell:Creating prefix chain script '/home/jr/ros2_ws/install/setup.bash'
[2.895s] INFO:colcon.colcon_core.shell:Creating prefix script '/home/jr/ros2_ws/install/local_setup.zsh'
[2.897s] INFO:colcon.colcon_core.shell:Creating prefix chain script '/home/jr/ros2_ws/install/setup.zsh'
