-- The C compiler identification is GNU 11.4.0
-- The CXX compiler identification is GNU 11.4.0
-- Detecting C compiler ABI info
-- Detecting C compiler ABI info - done
-- Check for working C compiler: /usr/bin/cc - skipped
-- Detecting C compile features
-- Detecting C compile features - done
-- Detecting CXX compiler ABI info
-- Detecting CXX compiler ABI info - done
-- Check for working CXX compiler: /usr/bin/c++ - skipped
-- Detecting CXX compile features
-- Detecting CXX compile features - done
-- Found ament_cmake: 1.3.10 (/opt/ros/humble/share/ament_cmake/cmake)
-- Found Python3: /usr/bin/python3 (found version "3.10.12") found components: Interpreter 
[31mCMake Error at CMakeLists.txt:10 (find_package):
  By not providing "Findrosidl_default_generetors.cmake" in CMAKE_MODULE_PATH
  this project has asked CMake to find a package configuration file provided
  by "rosidl_default_generetors", but CMake did not find one.

  Could not find a package configuration file provided by
  "rosidl_default_generetors" with any of the following names:

    rosidl_default_generetorsConfig.cmake
    rosidl_default_generetors-config.cmake

  Add the installation prefix of "rosidl_default_generetors" to
  CMAKE_PREFIX_PATH or set "rosidl_default_generetors_DIR" to a directory
  containing one of the above files.  If "rosidl_default_generetors" provides
  a separate development package or SDK, be sure it has been installed.

[0m
-- Configuring incomplete, errors occurred!
See also "/home/jr/ros2_ws/build/my_robot_interfaces/CMakeFiles/CMakeOutput.log".
