[1.378s] Invoking command in '/home/jr/ros2_ws/src/my_py_pkg': LD_LIBRARY_PATH=/home/jr/ros2_ws/install/my_robot_interfaces/lib:/usr/lib/x86_64-linux-gnu/gazebo-11/plugins:/opt/ros/humble/opt/rviz_ogre_vendor/lib:/opt/ros/humble/lib/x86_64-linux-gnu:/opt/ros/humble/lib:/usr/share/gazebo/../../lib/x86_64-linux-gnu/gazebo-11/plugins PYTHONPATH=/home/jr/ros2_ws/build/my_py_pkg/prefix_override:/usr/lib/python3/dist-packages/colcon_core/task/python/colcon_distutils_commands:/home/jr/ros2_ws/install/my_py_pkg/lib/python3.10/site-packages:${PYTHONPATH} /usr/bin/python3 -W ignore:setup.py install is deprecated setup.py egg_info --egg-base ../../build/my_py_pkg build --build-base /home/jr/ros2_ws/build/my_py_pkg/build install --record /home/jr/ros2_ws/build/my_py_pkg/install.log --single-version-externally-managed install_data
[1.902s] running egg_info
[1.904s] writing ../../build/my_py_pkg/my_py_pkg.egg-info/PKG-INFO
[1.904s] writing dependency_links to ../../build/my_py_pkg/my_py_pkg.egg-info/dependency_links.txt
[1.904s] writing entry points to ../../build/my_py_pkg/my_py_pkg.egg-info/entry_points.txt
[1.905s] writing requirements to ../../build/my_py_pkg/my_py_pkg.egg-info/requires.txt
[1.905s] writing top-level names to ../../build/my_py_pkg/my_py_pkg.egg-info/top_level.txt
[1.909s] reading manifest file '../../build/my_py_pkg/my_py_pkg.egg-info/SOURCES.txt'
[1.912s] writing manifest file '../../build/my_py_pkg/my_py_pkg.egg-info/SOURCES.txt'
[1.912s] running build
[1.912s] running build_py
[1.913s] copying my_py_pkg/rectangle_server.py -> /home/jr/ros2_ws/build/my_py_pkg/build/lib/my_py_pkg
[1.913s] running install
[1.913s] running install_lib
[1.915s] copying /home/jr/ros2_ws/build/my_py_pkg/build/lib/my_py_pkg/rectangle_server.py -> /home/jr/ros2_ws/install/my_py_pkg/lib/python3.10/site-packages/my_py_pkg
[1.917s] byte-compiling /home/jr/ros2_ws/install/my_py_pkg/lib/python3.10/site-packages/my_py_pkg/rectangle_server.py to rectangle_server.cpython-310.pyc
[1.917s] running install_data
[1.917s] running install_egg_info
[1.923s] removing '/home/jr/ros2_ws/install/my_py_pkg/lib/python3.10/site-packages/my_py_pkg-0.0.0-py3.10.egg-info' (and everything under it)
[1.923s] Copying ../../build/my_py_pkg/my_py_pkg.egg-info to /home/jr/ros2_ws/install/my_py_pkg/lib/python3.10/site-packages/my_py_pkg-0.0.0-py3.10.egg-info
[1.923s] running install_scripts
[1.959s] Installing add_two_ints_server script to /home/jr/ros2_ws/install/my_py_pkg/lib/my_py_pkg
[1.959s] Installing hw_status_publisher script to /home/jr/ros2_ws/install/my_py_pkg/lib/my_py_pkg
[1.960s] Installing py_node script to /home/jr/ros2_ws/install/my_py_pkg/lib/my_py_pkg
[1.960s] Installing rectangle_server script to /home/jr/ros2_ws/install/my_py_pkg/lib/my_py_pkg
[1.960s] Installing robot_news_station script to /home/jr/ros2_ws/install/my_py_pkg/lib/my_py_pkg
[1.960s] Installing smartphone script to /home/jr/ros2_ws/install/my_py_pkg/lib/my_py_pkg
[1.962s] writing list of installed files to '/home/jr/ros2_ws/build/my_py_pkg/install.log'
[2.014s] Invoked command in '/home/jr/ros2_ws/src/my_py_pkg' returned '0': LD_LIBRARY_PATH=/home/jr/ros2_ws/install/my_robot_interfaces/lib:/usr/lib/x86_64-linux-gnu/gazebo-11/plugins:/opt/ros/humble/opt/rviz_ogre_vendor/lib:/opt/ros/humble/lib/x86_64-linux-gnu:/opt/ros/humble/lib:/usr/share/gazebo/../../lib/x86_64-linux-gnu/gazebo-11/plugins PYTHONPATH=/home/jr/ros2_ws/build/my_py_pkg/prefix_override:/usr/lib/python3/dist-packages/colcon_core/task/python/colcon_distutils_commands:/home/jr/ros2_ws/install/my_py_pkg/lib/python3.10/site-packages:${PYTHONPATH} /usr/bin/python3 -W ignore:setup.py install is deprecated setup.py egg_info --egg-base ../../build/my_py_pkg build --build-base /home/jr/ros2_ws/build/my_py_pkg/build install --record /home/jr/ros2_ws/build/my_py_pkg/install.log --single-version-externally-managed install_data
