[0.043s] Invoking command in '/home/jr/ros2_ws/build/my_robot_bringup': AMENT_PREFIX_PATH=/home/jr/ros2_ws/install/my_py_pkg:/home/jr/ros2_ws/install/my_robot_bringup:/home/jr/ros2_ws/install/my_robot_interfaces:/opt/ros/humble CMAKE_PREFIX_PATH=/home/jr/ros2_ws/install/my_robot_interfaces:/home/jr/ros2_ws/install/my_robot_bringup:/home/jr/ros2_ws/install/my_py_pkg:/opt/ros/humble LD_LIBRARY_PATH=/home/jr/ros2_ws/install/my_robot_interfaces/lib:/usr/lib/x86_64-linux-gnu/gazebo-11/plugins:/opt/ros/humble/opt/rviz_ogre_vendor/lib:/opt/ros/humble/lib/x86_64-linux-gnu:/opt/ros/humble/lib:/usr/share/gazebo/../../lib/x86_64-linux-gnu/gazebo-11/plugins:/usr/share/gazebo/../../lib/x86_64-linux-gnu/gazebo-11/plugins:/usr/share/gazebo/../../lib/x86_64-linux-gnu/gazebo-11/plugins /usr/bin/cmake --build /home/jr/ros2_ws/build/my_robot_bringup -- -j6 -l6
[0.214s] Invoked command in '/home/jr/ros2_ws/build/my_robot_bringup' returned '0': AMENT_PREFIX_PATH=/home/jr/ros2_ws/install/my_py_pkg:/home/jr/ros2_ws/install/my_robot_bringup:/home/jr/ros2_ws/install/my_robot_interfaces:/opt/ros/humble CMAKE_PREFIX_PATH=/home/jr/ros2_ws/install/my_robot_interfaces:/home/jr/ros2_ws/install/my_robot_bringup:/home/jr/ros2_ws/install/my_py_pkg:/opt/ros/humble LD_LIBRARY_PATH=/home/jr/ros2_ws/install/my_robot_interfaces/lib:/usr/lib/x86_64-linux-gnu/gazebo-11/plugins:/opt/ros/humble/opt/rviz_ogre_vendor/lib:/opt/ros/humble/lib/x86_64-linux-gnu:/opt/ros/humble/lib:/usr/share/gazebo/../../lib/x86_64-linux-gnu/gazebo-11/plugins:/usr/share/gazebo/../../lib/x86_64-linux-gnu/gazebo-11/plugins:/usr/share/gazebo/../../lib/x86_64-linux-gnu/gazebo-11/plugins /usr/bin/cmake --build /home/jr/ros2_ws/build/my_robot_bringup -- -j6 -l6
[0.271s] Invoking command in '/home/jr/ros2_ws/build/my_robot_bringup': AMENT_PREFIX_PATH=/home/jr/ros2_ws/install/my_py_pkg:/home/jr/ros2_ws/install/my_robot_bringup:/home/jr/ros2_ws/install/my_robot_interfaces:/opt/ros/humble CMAKE_PREFIX_PATH=/home/jr/ros2_ws/install/my_robot_interfaces:/home/jr/ros2_ws/install/my_robot_bringup:/home/jr/ros2_ws/install/my_py_pkg:/opt/ros/humble LD_LIBRARY_PATH=/home/jr/ros2_ws/install/my_robot_interfaces/lib:/usr/lib/x86_64-linux-gnu/gazebo-11/plugins:/opt/ros/humble/opt/rviz_ogre_vendor/lib:/opt/ros/humble/lib/x86_64-linux-gnu:/opt/ros/humble/lib:/usr/share/gazebo/../../lib/x86_64-linux-gnu/gazebo-11/plugins:/usr/share/gazebo/../../lib/x86_64-linux-gnu/gazebo-11/plugins:/usr/share/gazebo/../../lib/x86_64-linux-gnu/gazebo-11/plugins /usr/bin/cmake --install /home/jr/ros2_ws/build/my_robot_bringup
[0.287s] -- Install configuration: ""
[0.291s] -- Execute custom install script
[0.294s] -- Up-to-date symlink: /home/jr/ros2_ws/install/my_robot_bringup/share/my_robot_bringup/launch/my_robot_elevation.launch.py
[0.295s] -- Up-to-date symlink: /home/jr/ros2_ws/install/my_robot_bringup/share/my_robot_bringup/launch/number_app.launch.py
[0.295s] -- Up-to-date symlink: /home/jr/ros2_ws/install/my_robot_bringup/share/ament_index/resource_index/package_run_dependencies/my_robot_bringup
[0.297s] -- Up-to-date symlink: /home/jr/ros2_ws/install/my_robot_bringup/share/ament_index/resource_index/parent_prefix_path/my_robot_bringup
[0.299s] -- Up-to-date symlink: /home/jr/ros2_ws/install/my_robot_bringup/share/my_robot_bringup/environment/ament_prefix_path.sh
[0.299s] -- Up-to-date symlink: /home/jr/ros2_ws/install/my_robot_bringup/share/my_robot_bringup/environment/ament_prefix_path.dsv
[0.300s] -- Up-to-date symlink: /home/jr/ros2_ws/install/my_robot_bringup/share/my_robot_bringup/environment/path.sh
[0.300s] -- Up-to-date symlink: /home/jr/ros2_ws/install/my_robot_bringup/share/my_robot_bringup/environment/path.dsv
[0.301s] -- Up-to-date symlink: /home/jr/ros2_ws/install/my_robot_bringup/share/my_robot_bringup/local_setup.bash
[0.302s] -- Up-to-date symlink: /home/jr/ros2_ws/install/my_robot_bringup/share/my_robot_bringup/local_setup.sh
[0.303s] -- Up-to-date symlink: /home/jr/ros2_ws/install/my_robot_bringup/share/my_robot_bringup/local_setup.zsh
[0.303s] -- Up-to-date symlink: /home/jr/ros2_ws/install/my_robot_bringup/share/my_robot_bringup/local_setup.dsv
[0.303s] -- Symlinking: /home/jr/ros2_ws/install/my_robot_bringup/share/my_robot_bringup/package.dsv
[0.317s] -- Up-to-date symlink: /home/jr/ros2_ws/install/my_robot_bringup/share/ament_index/resource_index/packages/my_robot_bringup
[0.319s] -- Up-to-date symlink: /home/jr/ros2_ws/install/my_robot_bringup/share/my_robot_bringup/cmake/my_robot_bringupConfig.cmake
[0.320s] -- Up-to-date symlink: /home/jr/ros2_ws/install/my_robot_bringup/share/my_robot_bringup/cmake/my_robot_bringupConfig-version.cmake
[0.320s] -- Up-to-date symlink: /home/jr/ros2_ws/install/my_robot_bringup/share/my_robot_bringup/package.xml
[0.323s] Invoked command in '/home/jr/ros2_ws/build/my_robot_bringup' returned '0': AMENT_PREFIX_PATH=/home/jr/ros2_ws/install/my_py_pkg:/home/jr/ros2_ws/install/my_robot_bringup:/home/jr/ros2_ws/install/my_robot_interfaces:/opt/ros/humble CMAKE_PREFIX_PATH=/home/jr/ros2_ws/install/my_robot_interfaces:/home/jr/ros2_ws/install/my_robot_bringup:/home/jr/ros2_ws/install/my_py_pkg:/opt/ros/humble LD_LIBRARY_PATH=/home/jr/ros2_ws/install/my_robot_interfaces/lib:/usr/lib/x86_64-linux-gnu/gazebo-11/plugins:/opt/ros/humble/opt/rviz_ogre_vendor/lib:/opt/ros/humble/lib/x86_64-linux-gnu:/opt/ros/humble/lib:/usr/share/gazebo/../../lib/x86_64-linux-gnu/gazebo-11/plugins:/usr/share/gazebo/../../lib/x86_64-linux-gnu/gazebo-11/plugins:/usr/share/gazebo/../../lib/x86_64-linux-gnu/gazebo-11/plugins /usr/bin/cmake --install /home/jr/ros2_ws/build/my_robot_bringup
