[0.015s] Invoking command in '/home/jr/ros2_ws/build/my_robot_bringup': CMAKE_PREFIX_PATH=${CMAKE_PREFIX_PATH}:/home/jr/ros2_ws/install/my_py_pkg:/opt/ros/humble /usr/bin/cmake /home/jr/ros2_ws/src/my_robot_bringup -DAMENT_CMAKE_SYMLINK_INSTALL=1 -DCMAKE_INSTALL_PREFIX=/home/jr/ros2_ws/install/my_robot_bringup
[0.234s] -- The C compiler identification is GNU 11.4.0
[0.429s] -- The CXX compiler identification is GNU 11.4.0
[0.458s] -- Detecting C compiler ABI info
[0.585s] -- Detecting C compiler ABI info - done
[0.609s] -- Check for working C compiler: /usr/bin/cc - skipped
[0.610s] -- Detecting C compile features
[0.613s] -- Detecting C compile features - done
[0.621s] -- Detecting CXX compiler ABI info
[0.766s] -- Detecting CXX compiler ABI info - done
[0.792s] -- Check for working CXX compiler: /usr/bin/c++ - skipped
[0.792s] -- Detecting CXX compile features
[0.794s] -- Detecting CXX compile features - done
[0.806s] -- Found ament_cmake: 1.3.10 (/opt/ros/humble/share/ament_cmake/cmake)
[1.090s] -- Found Python3: /usr/bin/python3 (found version "3.10.12") found components: Interpreter 
[1.212s] -- Override CMake install command with custom implementation using symlinks instead of copying resources
[1.444s] -- Configuring done
[1.450s] -- Generating done
[1.451s] -- Build files have been written to: /home/jr/ros2_ws/build/my_robot_bringup
[1.463s] Invoked command in '/home/jr/ros2_ws/build/my_robot_bringup' returned '0': CMAKE_PREFIX_PATH=${CMAKE_PREFIX_PATH}:/home/jr/ros2_ws/install/my_py_pkg:/opt/ros/humble /usr/bin/cmake /home/jr/ros2_ws/src/my_robot_bringup -DAMENT_CMAKE_SYMLINK_INSTALL=1 -DCMAKE_INSTALL_PREFIX=/home/jr/ros2_ws/install/my_robot_bringup
[1.464s] Invoking command in '/home/jr/ros2_ws/build/my_robot_bringup': CMAKE_PREFIX_PATH=${CMAKE_PREFIX_PATH}:/home/jr/ros2_ws/install/my_py_pkg:/opt/ros/humble /usr/bin/cmake --build /home/jr/ros2_ws/build/my_robot_bringup -- -j6 -l6
[1.523s] Invoked command in '/home/jr/ros2_ws/build/my_robot_bringup' returned '0': CMAKE_PREFIX_PATH=${CMAKE_PREFIX_PATH}:/home/jr/ros2_ws/install/my_py_pkg:/opt/ros/humble /usr/bin/cmake --build /home/jr/ros2_ws/build/my_robot_bringup -- -j6 -l6
[1.577s] Invoking command in '/home/jr/ros2_ws/build/my_robot_bringup': CMAKE_PREFIX_PATH=${CMAKE_PREFIX_PATH}:/home/jr/ros2_ws/install/my_py_pkg:/opt/ros/humble /usr/bin/cmake --install /home/jr/ros2_ws/build/my_robot_bringup
[1.589s] -- Install configuration: ""
[1.589s] -- Execute custom install script
[1.590s] -- Symlinking: /home/jr/ros2_ws/install/my_robot_bringup/share/my_robot_bringup/launch/number_app.launch.py
[1.604s] -- Symlinking: /home/jr/ros2_ws/install/my_robot_bringup/share/ament_index/resource_index/package_run_dependencies/my_robot_bringup
[1.619s] -- Symlinking: /home/jr/ros2_ws/install/my_robot_bringup/share/ament_index/resource_index/parent_prefix_path/my_robot_bringup
[1.632s] -- Symlinking: /home/jr/ros2_ws/install/my_robot_bringup/share/my_robot_bringup/environment/ament_prefix_path.sh
[1.646s] -- Symlinking: /home/jr/ros2_ws/install/my_robot_bringup/share/my_robot_bringup/environment/ament_prefix_path.dsv
[1.663s] -- Symlinking: /home/jr/ros2_ws/install/my_robot_bringup/share/my_robot_bringup/environment/path.sh
[1.677s] -- Symlinking: /home/jr/ros2_ws/install/my_robot_bringup/share/my_robot_bringup/environment/path.dsv
[1.689s] -- Symlinking: /home/jr/ros2_ws/install/my_robot_bringup/share/my_robot_bringup/local_setup.bash
[1.701s] -- Symlinking: /home/jr/ros2_ws/install/my_robot_bringup/share/my_robot_bringup/local_setup.sh
[1.713s] -- Symlinking: /home/jr/ros2_ws/install/my_robot_bringup/share/my_robot_bringup/local_setup.zsh
[1.725s] -- Symlinking: /home/jr/ros2_ws/install/my_robot_bringup/share/my_robot_bringup/local_setup.dsv
[1.738s] -- Symlinking: /home/jr/ros2_ws/install/my_robot_bringup/share/my_robot_bringup/package.dsv
[1.752s] -- Symlinking: /home/jr/ros2_ws/install/my_robot_bringup/share/ament_index/resource_index/packages/my_robot_bringup
[1.769s] -- Symlinking: /home/jr/ros2_ws/install/my_robot_bringup/share/my_robot_bringup/cmake/my_robot_bringupConfig.cmake
[1.782s] -- Symlinking: /home/jr/ros2_ws/install/my_robot_bringup/share/my_robot_bringup/cmake/my_robot_bringupConfig-version.cmake
[1.795s] -- Symlinking: /home/jr/ros2_ws/install/my_robot_bringup/share/my_robot_bringup/package.xml
[1.810s] Invoked command in '/home/jr/ros2_ws/build/my_robot_bringup' returned '0': CMAKE_PREFIX_PATH=${CMAKE_PREFIX_PATH}:/home/jr/ros2_ws/install/my_py_pkg:/opt/ros/humble /usr/bin/cmake --install /home/jr/ros2_ws/build/my_robot_bringup
