[0.614s] Invoking command in '/home/jr/ros2_ws/build/my_robot_interfaces': CMAKE_PREFIX_PATH=/home/jr/ros2_ws/install/my_py_pkg:/opt/ros/humble /usr/bin/cmake /home/jr/ros2_ws/src/my_robot_interfaces -DCMAKE_INSTALL_PREFIX=/home/jr/ros2_ws/install/my_robot_interfaces
[0.640s] -- Found ament_cmake: 1.3.10 (/opt/ros/humble/share/ament_cmake/cmake)
[0.885s] -- Found rosidl_default_generators: 1.2.0 (/opt/ros/humble/share/rosidl_default_generators/cmake)
[0.898s] -- Using all available rosidl_typesupport_c: rosidl_typesupport_fastrtps_c;rosidl_typesupport_introspection_c
[0.922s] -- Found rosidl_adapter: 3.1.5 (/opt/ros/humble/share/rosidl_adapter/cmake)
[1.070s] -- Using all available rosidl_typesupport_cpp: rosidl_typesupport_fastrtps_cpp;rosidl_typesupport_introspection_cpp
[1.642s] -- Found ament_cmake_ros: 0.10.0 (/opt/ros/humble/share/ament_cmake_ros/cmake)
[1.992s] -- Using all available rosidl_typesupport_c: rosidl_typesupport_fastrtps_c;rosidl_typesupport_introspection_c
[2.444s] -- Using all available rosidl_typesupport_cpp: rosidl_typesupport_fastrtps_cpp;rosidl_typesupport_introspection_cpp
[2.486s] -- Found PythonInterp: /usr/bin/python3 (found suitable version "3.10.12", minimum required is "3.6") 
[2.491s] -- Found python_cmake_module: 0.10.0 (/opt/ros/humble/share/python_cmake_module/cmake)
[2.545s] -- Found PythonLibs: /usr/lib/x86_64-linux-gnu/libpython3.10.so (found suitable version "3.10.12", minimum required is "3.5") 
[2.546s] -- Using PYTHON_EXECUTABLE: /usr/bin/python3
[2.546s] -- Using PYTHON_INCLUDE_DIRS: /usr/include/python3.10
[2.546s] -- Using PYTHON_LIBRARIES: /usr/lib/x86_64-linux-gnu/libpython3.10.so
[2.584s] -- Found PythonExtra: .so  
[2.666s] -- Configuring done
[2.720s] -- Generating done
[2.724s] -- Build files have been written to: /home/jr/ros2_ws/build/my_robot_interfaces
[2.734s] Invoked command in '/home/jr/ros2_ws/build/my_robot_interfaces' returned '0': CMAKE_PREFIX_PATH=/home/jr/ros2_ws/install/my_py_pkg:/opt/ros/humble /usr/bin/cmake /home/jr/ros2_ws/src/my_robot_interfaces -DCMAKE_INSTALL_PREFIX=/home/jr/ros2_ws/install/my_robot_interfaces
[2.738s] Invoking command in '/home/jr/ros2_ws/build/my_robot_interfaces': CMAKE_PREFIX_PATH=/home/jr/ros2_ws/install/my_py_pkg:/opt/ros/humble /usr/bin/cmake --build /home/jr/ros2_ws/build/my_robot_interfaces -- -j6 -l6
[2.803s] [  3%] [34m[1mGenerating C code for ROS interfaces[0m
[2.819s] [  6%] [34m[1mGenerating C++ code for ROS interfaces[0m
[2.836s] [  6%] Built target ament_cmake_python_copy_my_robot_interfaces
[3.419s] [  6%] Built target my_robot_interfaces__cpp
[3.438s] [  9%] [34m[1mGenerating C++ type support for eProsima Fast-RTPS[0m
[3.439s] [ 12%] [34m[1mGenerating C++ introspection for ROS interfaces[0m
[3.447s] [ 16%] [34m[1mGenerating C++ type support dispatch for ROS interfaces[0m
[3.447s] running egg_info
[3.448s] creating my_robot_interfaces.egg-info
[3.448s] writing my_robot_interfaces.egg-info/PKG-INFO
[3.448s] writing dependency_links to my_robot_interfaces.egg-info/dependency_links.txt
[3.448s] writing top-level names to my_robot_interfaces.egg-info/top_level.txt
[3.448s] writing manifest file 'my_robot_interfaces.egg-info/SOURCES.txt'
[3.451s] reading manifest file 'my_robot_interfaces.egg-info/SOURCES.txt'
[3.453s] writing manifest file 'my_robot_interfaces.egg-info/SOURCES.txt'
[3.454s] [ 19%] [32mBuilding C object CMakeFiles/my_robot_interfaces__rosidl_generator_c.dir/rosidl_generator_c/my_robot_interfaces/msg/detail/hardware_status__functions.c.o[0m
[3.529s] [ 19%] Built target ament_cmake_python_build_my_robot_interfaces_egg
[3.564s] [ 22%] [32m[1mLinking C shared library libmy_robot_interfaces__rosidl_generator_c.so[0m
[3.637s] [ 22%] Built target my_robot_interfaces__rosidl_generator_c
[3.653s] [ 25%] [34m[1mGenerating C introspection for ROS interfaces[0m
[3.654s] [ 29%] [34m[1mGenerating C type support for eProsima Fast-RTPS[0m
[3.659s] [ 32%] [34m[1mGenerating C type support dispatch for ROS interfaces[0m
[4.054s] [ 35%] [32mBuilding CXX object CMakeFiles/my_robot_interfaces__rosidl_typesupport_cpp.dir/rosidl_typesupport_cpp/my_robot_interfaces/msg/hardware_status__type_support.cpp.o[0m
[4.102s] [ 38%] [32mBuilding CXX object CMakeFiles/my_robot_interfaces__rosidl_typesupport_introspection_cpp.dir/rosidl_typesupport_introspection_cpp/my_robot_interfaces/msg/detail/hardware_status__type_support.cpp.o[0m
[4.129s] [ 41%] [32mBuilding CXX object CMakeFiles/my_robot_interfaces__rosidl_typesupport_fastrtps_cpp.dir/rosidl_typesupport_fastrtps_cpp/my_robot_interfaces/msg/detail/dds_fastrtps/hardware_status__type_support.cpp.o[0m
[4.298s] [ 45%] [32mBuilding C object CMakeFiles/my_robot_interfaces__rosidl_typesupport_introspection_c.dir/rosidl_typesupport_introspection_c/my_robot_interfaces/msg/detail/hardware_status__type_support.c.o[0m
[4.335s] [ 48%] [32mBuilding CXX object CMakeFiles/my_robot_interfaces__rosidl_typesupport_c.dir/rosidl_typesupport_c/my_robot_interfaces/msg/hardware_status__type_support.cpp.o[0m
[4.342s] [ 51%] [32mBuilding CXX object CMakeFiles/my_robot_interfaces__rosidl_typesupport_fastrtps_c.dir/rosidl_typesupport_fastrtps_c/my_robot_interfaces/msg/detail/hardware_status__type_support_c.cpp.o[0m
[4.355s] [ 54%] [32m[1mLinking C shared library libmy_robot_interfaces__rosidl_typesupport_introspection_c.so[0m
[4.412s] [ 58%] [32m[1mLinking CXX shared library libmy_robot_interfaces__rosidl_typesupport_c.so[0m
[4.428s] [ 58%] Built target my_robot_interfaces__rosidl_typesupport_introspection_c
[4.507s] [ 58%] Built target my_robot_interfaces__rosidl_typesupport_c
[4.651s] [ 61%] [32m[1mLinking CXX shared library libmy_robot_interfaces__rosidl_typesupport_cpp.so[0m
[4.756s] [ 61%] Built target my_robot_interfaces__rosidl_typesupport_cpp
[4.930s] [ 64%] [32m[1mLinking CXX shared library libmy_robot_interfaces__rosidl_typesupport_introspection_cpp.so[0m
[5.067s] [ 67%] [32m[1mLinking CXX shared library libmy_robot_interfaces__rosidl_typesupport_fastrtps_cpp.so[0m
[5.068s] [ 70%] [32m[1mLinking CXX shared library libmy_robot_interfaces__rosidl_typesupport_fastrtps_c.so[0m
[5.082s] [ 70%] Built target my_robot_interfaces__rosidl_typesupport_introspection_cpp
[5.230s] [ 70%] Built target my_robot_interfaces__rosidl_typesupport_fastrtps_cpp
[5.237s] [ 70%] Built target my_robot_interfaces__rosidl_typesupport_fastrtps_c
[5.265s] [ 70%] Built target my_robot_interfaces
[5.300s] [ 74%] [34m[1mGenerating Python code for ROS interfaces[0m
[5.941s] [ 74%] Built target my_robot_interfaces__py
[5.972s] [ 77%] [32mBuilding C object CMakeFiles/my_robot_interfaces__rosidl_generator_py.dir/rosidl_generator_py/my_robot_interfaces/msg/_hardware_status_s.c.o[0m
[6.160s] [ 80%] [32m[1mLinking C shared library rosidl_generator_py/my_robot_interfaces/libmy_robot_interfaces__rosidl_generator_py.so[0m
[6.228s] [ 80%] Built target my_robot_interfaces__rosidl_generator_py
[6.261s] [ 83%] [32mBuilding C object CMakeFiles/my_robot_interfaces__rosidl_typesupport_introspection_c__pyext.dir/rosidl_generator_py/my_robot_interfaces/_my_robot_interfaces_s.ep.rosidl_typesupport_introspection_c.c.o[0m
[6.261s] [ 87%] [32mBuilding C object CMakeFiles/my_robot_interfaces__rosidl_typesupport_fastrtps_c__pyext.dir/rosidl_generator_py/my_robot_interfaces/_my_robot_interfaces_s.ep.rosidl_typesupport_fastrtps_c.c.o[0m
[6.261s] [ 90%] [32mBuilding C object CMakeFiles/my_robot_interfaces__rosidl_typesupport_c__pyext.dir/rosidl_generator_py/my_robot_interfaces/_my_robot_interfaces_s.ep.rosidl_typesupport_c.c.o[0m
[6.428s] [ 96%] [32m[1mLinking C shared library rosidl_generator_py/my_robot_interfaces/my_robot_interfaces_s__rosidl_typesupport_c.cpython-310-x86_64-linux-gnu.so[0m
[6.429s] [ 96%] [32m[1mLinking C shared library rosidl_generator_py/my_robot_interfaces/my_robot_interfaces_s__rosidl_typesupport_introspection_c.cpython-310-x86_64-linux-gnu.so[0m
[6.437s] [100%] [32m[1mLinking C shared library rosidl_generator_py/my_robot_interfaces/my_robot_interfaces_s__rosidl_typesupport_fastrtps_c.cpython-310-x86_64-linux-gnu.so[0m
[6.490s] [100%] Built target my_robot_interfaces__rosidl_typesupport_c__pyext
[6.490s] [100%] Built target my_robot_interfaces__rosidl_typesupport_introspection_c__pyext
[6.502s] [100%] Built target my_robot_interfaces__rosidl_typesupport_fastrtps_c__pyext
[6.522s] Invoked command in '/home/jr/ros2_ws/build/my_robot_interfaces' returned '0': CMAKE_PREFIX_PATH=/home/jr/ros2_ws/install/my_py_pkg:/opt/ros/humble /usr/bin/cmake --build /home/jr/ros2_ws/build/my_robot_interfaces -- -j6 -l6
[6.625s] Invoking command in '/home/jr/ros2_ws/build/my_robot_interfaces': CMAKE_PREFIX_PATH=/home/jr/ros2_ws/install/my_py_pkg:/opt/ros/humble /usr/bin/cmake --install /home/jr/ros2_ws/build/my_robot_interfaces
[6.638s] -- Install configuration: ""
[6.638s] -- Installing: /home/jr/ros2_ws/install/my_robot_interfaces/share/ament_index/resource_index/rosidl_interfaces/my_robot_interfaces
[6.638s] -- Installing: /home/jr/ros2_ws/install/my_robot_interfaces/include/my_robot_interfaces/my_robot_interfaces
[6.638s] -- Installing: /home/jr/ros2_ws/install/my_robot_interfaces/include/my_robot_interfaces/my_robot_interfaces/msg
[6.638s] -- Installing: /home/jr/ros2_ws/install/my_robot_interfaces/include/my_robot_interfaces/my_robot_interfaces/msg/rosidl_generator_c__visibility_control.h
[6.638s] -- Installing: /home/jr/ros2_ws/install/my_robot_interfaces/include/my_robot_interfaces/my_robot_interfaces/msg/detail
[6.639s] -- Installing: /home/jr/ros2_ws/install/my_robot_interfaces/include/my_robot_interfaces/my_robot_interfaces/msg/detail/hardware_status__functions.h
[6.639s] -- Installing: /home/jr/ros2_ws/install/my_robot_interfaces/include/my_robot_interfaces/my_robot_interfaces/msg/detail/hardware_status__functions.c
[6.639s] -- Installing: /home/jr/ros2_ws/install/my_robot_interfaces/include/my_robot_interfaces/my_robot_interfaces/msg/detail/hardware_status__struct.h
[6.639s] -- Installing: /home/jr/ros2_ws/install/my_robot_interfaces/include/my_robot_interfaces/my_robot_interfaces/msg/detail/hardware_status__type_support.h
[6.639s] -- Installing: /home/jr/ros2_ws/install/my_robot_interfaces/include/my_robot_interfaces/my_robot_interfaces/msg/hardware_status.h
[6.639s] -- Installing: /home/jr/ros2_ws/install/my_robot_interfaces/share/my_robot_interfaces/environment/library_path.sh
[6.640s] -- Installing: /home/jr/ros2_ws/install/my_robot_interfaces/share/my_robot_interfaces/environment/library_path.dsv
[6.640s] -- Installing: /home/jr/ros2_ws/install/my_robot_interfaces/lib/libmy_robot_interfaces__rosidl_generator_c.so
[6.640s] -- Set runtime path of "/home/jr/ros2_ws/install/my_robot_interfaces/lib/libmy_robot_interfaces__rosidl_generator_c.so" to ""
[6.640s] -- Up-to-date: /home/jr/ros2_ws/install/my_robot_interfaces/include/my_robot_interfaces/my_robot_interfaces
[6.640s] -- Up-to-date: /home/jr/ros2_ws/install/my_robot_interfaces/include/my_robot_interfaces/my_robot_interfaces/msg
[6.640s] -- Up-to-date: /home/jr/ros2_ws/install/my_robot_interfaces/include/my_robot_interfaces/my_robot_interfaces/msg/detail
[6.640s] -- Installing: /home/jr/ros2_ws/install/my_robot_interfaces/include/my_robot_interfaces/my_robot_interfaces/msg/detail/hardware_status__rosidl_typesupport_fastrtps_c.h
[6.641s] -- Installing: /home/jr/ros2_ws/install/my_robot_interfaces/include/my_robot_interfaces/my_robot_interfaces/msg/rosidl_typesupport_fastrtps_c__visibility_control.h
[6.641s] -- Installing: /home/jr/ros2_ws/install/my_robot_interfaces/lib/libmy_robot_interfaces__rosidl_typesupport_fastrtps_c.so
[6.641s] -- Set runtime path of "/home/jr/ros2_ws/install/my_robot_interfaces/lib/libmy_robot_interfaces__rosidl_typesupport_fastrtps_c.so" to ""
[6.641s] -- Up-to-date: /home/jr/ros2_ws/install/my_robot_interfaces/include/my_robot_interfaces/my_robot_interfaces
[6.641s] -- Up-to-date: /home/jr/ros2_ws/install/my_robot_interfaces/include/my_robot_interfaces/my_robot_interfaces/msg
[6.641s] -- Up-to-date: /home/jr/ros2_ws/install/my_robot_interfaces/include/my_robot_interfaces/my_robot_interfaces/msg/detail
[6.642s] -- Installing: /home/jr/ros2_ws/install/my_robot_interfaces/include/my_robot_interfaces/my_robot_interfaces/msg/detail/hardware_status__type_support.c
[6.642s] -- Installing: /home/jr/ros2_ws/install/my_robot_interfaces/include/my_robot_interfaces/my_robot_interfaces/msg/detail/hardware_status__rosidl_typesupport_introspection_c.h
[6.642s] -- Installing: /home/jr/ros2_ws/install/my_robot_interfaces/include/my_robot_interfaces/my_robot_interfaces/msg/rosidl_typesupport_introspection_c__visibility_control.h
[6.642s] -- Installing: /home/jr/ros2_ws/install/my_robot_interfaces/lib/libmy_robot_interfaces__rosidl_typesupport_introspection_c.so
[6.642s] -- Set runtime path of "/home/jr/ros2_ws/install/my_robot_interfaces/lib/libmy_robot_interfaces__rosidl_typesupport_introspection_c.so" to ""
[6.642s] -- Installing: /home/jr/ros2_ws/install/my_robot_interfaces/lib/libmy_robot_interfaces__rosidl_typesupport_c.so
[6.643s] -- Set runtime path of "/home/jr/ros2_ws/install/my_robot_interfaces/lib/libmy_robot_interfaces__rosidl_typesupport_c.so" to ""
[6.643s] -- Up-to-date: /home/jr/ros2_ws/install/my_robot_interfaces/include/my_robot_interfaces/my_robot_interfaces
[6.643s] -- Up-to-date: /home/jr/ros2_ws/install/my_robot_interfaces/include/my_robot_interfaces/my_robot_interfaces/msg
[6.643s] -- Installing: /home/jr/ros2_ws/install/my_robot_interfaces/include/my_robot_interfaces/my_robot_interfaces/msg/hardware_status.hpp
[6.644s] -- Up-to-date: /home/jr/ros2_ws/install/my_robot_interfaces/include/my_robot_interfaces/my_robot_interfaces/msg/detail
[6.644s] -- Installing: /home/jr/ros2_ws/install/my_robot_interfaces/include/my_robot_interfaces/my_robot_interfaces/msg/detail/hardware_status__builder.hpp
[6.644s] -- Installing: /home/jr/ros2_ws/install/my_robot_interfaces/include/my_robot_interfaces/my_robot_interfaces/msg/detail/hardware_status__struct.hpp
[6.644s] -- Installing: /home/jr/ros2_ws/install/my_robot_interfaces/include/my_robot_interfaces/my_robot_interfaces/msg/detail/hardware_status__traits.hpp
[6.644s] -- Up-to-date: /home/jr/ros2_ws/install/my_robot_interfaces/include/my_robot_interfaces/my_robot_interfaces
[6.645s] -- Up-to-date: /home/jr/ros2_ws/install/my_robot_interfaces/include/my_robot_interfaces/my_robot_interfaces/msg
[6.645s] -- Up-to-date: /home/jr/ros2_ws/install/my_robot_interfaces/include/my_robot_interfaces/my_robot_interfaces/msg/detail
[6.645s] -- Installing: /home/jr/ros2_ws/install/my_robot_interfaces/include/my_robot_interfaces/my_robot_interfaces/msg/detail/dds_fastrtps
[6.645s] -- Installing: /home/jr/ros2_ws/install/my_robot_interfaces/include/my_robot_interfaces/my_robot_interfaces/msg/detail/hardware_status__rosidl_typesupport_fastrtps_cpp.hpp
[6.645s] -- Installing: /home/jr/ros2_ws/install/my_robot_interfaces/include/my_robot_interfaces/my_robot_interfaces/msg/rosidl_typesupport_fastrtps_cpp__visibility_control.h
[6.645s] -- Installing: /home/jr/ros2_ws/install/my_robot_interfaces/lib/libmy_robot_interfaces__rosidl_typesupport_fastrtps_cpp.so
[6.646s] -- Set runtime path of "/home/jr/ros2_ws/install/my_robot_interfaces/lib/libmy_robot_interfaces__rosidl_typesupport_fastrtps_cpp.so" to ""
[6.646s] -- Up-to-date: /home/jr/ros2_ws/install/my_robot_interfaces/include/my_robot_interfaces/my_robot_interfaces
[6.646s] -- Up-to-date: /home/jr/ros2_ws/install/my_robot_interfaces/include/my_robot_interfaces/my_robot_interfaces/msg
[6.646s] -- Up-to-date: /home/jr/ros2_ws/install/my_robot_interfaces/include/my_robot_interfaces/my_robot_interfaces/msg/detail
[6.646s] -- Installing: /home/jr/ros2_ws/install/my_robot_interfaces/include/my_robot_interfaces/my_robot_interfaces/msg/detail/hardware_status__rosidl_typesupport_introspection_cpp.hpp
[6.646s] -- Installing: /home/jr/ros2_ws/install/my_robot_interfaces/include/my_robot_interfaces/my_robot_interfaces/msg/detail/hardware_status__type_support.cpp
[6.646s] -- Installing: /home/jr/ros2_ws/install/my_robot_interfaces/lib/libmy_robot_interfaces__rosidl_typesupport_introspection_cpp.so
[6.647s] -- Set runtime path of "/home/jr/ros2_ws/install/my_robot_interfaces/lib/libmy_robot_interfaces__rosidl_typesupport_introspection_cpp.so" to ""
[6.647s] -- Installing: /home/jr/ros2_ws/install/my_robot_interfaces/lib/libmy_robot_interfaces__rosidl_typesupport_cpp.so
[6.647s] -- Set runtime path of "/home/jr/ros2_ws/install/my_robot_interfaces/lib/libmy_robot_interfaces__rosidl_typesupport_cpp.so" to ""
[6.647s] -- Installing: /home/jr/ros2_ws/install/my_robot_interfaces/share/my_robot_interfaces/environment/pythonpath.sh
[6.647s] -- Installing: /home/jr/ros2_ws/install/my_robot_interfaces/share/my_robot_interfaces/environment/pythonpath.dsv
[6.647s] -- Installing: /home/jr/ros2_ws/install/my_robot_interfaces/local/lib/python3.10/dist-packages/my_robot_interfaces-0.0.0-py3.10.egg-info
[6.648s] -- Installing: /home/jr/ros2_ws/install/my_robot_interfaces/local/lib/python3.10/dist-packages/my_robot_interfaces-0.0.0-py3.10.egg-info/dependency_links.txt
[6.648s] -- Installing: /home/jr/ros2_ws/install/my_robot_interfaces/local/lib/python3.10/dist-packages/my_robot_interfaces-0.0.0-py3.10.egg-info/SOURCES.txt
[6.648s] -- Installing: /home/jr/ros2_ws/install/my_robot_interfaces/local/lib/python3.10/dist-packages/my_robot_interfaces-0.0.0-py3.10.egg-info/top_level.txt
[6.648s] -- Installing: /home/jr/ros2_ws/install/my_robot_interfaces/local/lib/python3.10/dist-packages/my_robot_interfaces-0.0.0-py3.10.egg-info/PKG-INFO
[6.648s] -- Installing: /home/jr/ros2_ws/install/my_robot_interfaces/local/lib/python3.10/dist-packages/my_robot_interfaces
[6.648s] -- Installing: /home/jr/ros2_ws/install/my_robot_interfaces/local/lib/python3.10/dist-packages/my_robot_interfaces/my_robot_interfaces_s__rosidl_typesupport_c.cpython-310-x86_64-linux-gnu.so
[6.648s] -- Installing: /home/jr/ros2_ws/install/my_robot_interfaces/local/lib/python3.10/dist-packages/my_robot_interfaces/my_robot_interfaces_s__rosidl_typesupport_introspection_c.cpython-310-x86_64-linux-gnu.so
[6.649s] -- Installing: /home/jr/ros2_ws/install/my_robot_interfaces/local/lib/python3.10/dist-packages/my_robot_interfaces/_my_robot_interfaces_s.ep.rosidl_typesupport_introspection_c.c
[6.649s] -- Installing: /home/jr/ros2_ws/install/my_robot_interfaces/local/lib/python3.10/dist-packages/my_robot_interfaces/_my_robot_interfaces_s.ep.rosidl_typesupport_fastrtps_c.c
[6.649s] -- Installing: /home/jr/ros2_ws/install/my_robot_interfaces/local/lib/python3.10/dist-packages/my_robot_interfaces/libmy_robot_interfaces__rosidl_generator_py.so
[6.649s] -- Installing: /home/jr/ros2_ws/install/my_robot_interfaces/local/lib/python3.10/dist-packages/my_robot_interfaces/__init__.py
[6.649s] -- Installing: /home/jr/ros2_ws/install/my_robot_interfaces/local/lib/python3.10/dist-packages/my_robot_interfaces/msg
[6.649s] -- Installing: /home/jr/ros2_ws/install/my_robot_interfaces/local/lib/python3.10/dist-packages/my_robot_interfaces/msg/_hardware_status_s.c
[6.649s] -- Installing: /home/jr/ros2_ws/install/my_robot_interfaces/local/lib/python3.10/dist-packages/my_robot_interfaces/msg/__init__.py
[6.650s] -- Installing: /home/jr/ros2_ws/install/my_robot_interfaces/local/lib/python3.10/dist-packages/my_robot_interfaces/msg/_hardware_status.py
[6.650s] -- Installing: /home/jr/ros2_ws/install/my_robot_interfaces/local/lib/python3.10/dist-packages/my_robot_interfaces/my_robot_interfaces_s__rosidl_typesupport_fastrtps_c.cpython-310-x86_64-linux-gnu.so
[6.650s] -- Installing: /home/jr/ros2_ws/install/my_robot_interfaces/local/lib/python3.10/dist-packages/my_robot_interfaces/_my_robot_interfaces_s.ep.rosidl_typesupport_c.c
[6.711s] Listing '/home/jr/ros2_ws/install/my_robot_interfaces/local/lib/python3.10/dist-packages/my_robot_interfaces'...
[6.711s] Compiling '/home/jr/ros2_ws/install/my_robot_interfaces/local/lib/python3.10/dist-packages/my_robot_interfaces/__init__.py'...
[6.712s] Listing '/home/jr/ros2_ws/install/my_robot_interfaces/local/lib/python3.10/dist-packages/my_robot_interfaces/msg'...
[6.712s] Compiling '/home/jr/ros2_ws/install/my_robot_interfaces/local/lib/python3.10/dist-packages/my_robot_interfaces/msg/__init__.py'...
[6.712s] Compiling '/home/jr/ros2_ws/install/my_robot_interfaces/local/lib/python3.10/dist-packages/my_robot_interfaces/msg/_hardware_status.py'...
[6.720s] -- Installing: /home/jr/ros2_ws/install/my_robot_interfaces/local/lib/python3.10/dist-packages/my_robot_interfaces/my_robot_interfaces_s__rosidl_typesupport_fastrtps_c.cpython-310-x86_64-linux-gnu.so
[6.720s] -- Set runtime path of "/home/jr/ros2_ws/install/my_robot_interfaces/local/lib/python3.10/dist-packages/my_robot_interfaces/my_robot_interfaces_s__rosidl_typesupport_fastrtps_c.cpython-310-x86_64-linux-gnu.so" to ""
[6.721s] -- Installing: /home/jr/ros2_ws/install/my_robot_interfaces/local/lib/python3.10/dist-packages/my_robot_interfaces/my_robot_interfaces_s__rosidl_typesupport_introspection_c.cpython-310-x86_64-linux-gnu.so
[6.721s] -- Set runtime path of "/home/jr/ros2_ws/install/my_robot_interfaces/local/lib/python3.10/dist-packages/my_robot_interfaces/my_robot_interfaces_s__rosidl_typesupport_introspection_c.cpython-310-x86_64-linux-gnu.so" to ""
[6.722s] -- Installing: /home/jr/ros2_ws/install/my_robot_interfaces/local/lib/python3.10/dist-packages/my_robot_interfaces/my_robot_interfaces_s__rosidl_typesupport_c.cpython-310-x86_64-linux-gnu.so
[6.722s] -- Set runtime path of "/home/jr/ros2_ws/install/my_robot_interfaces/local/lib/python3.10/dist-packages/my_robot_interfaces/my_robot_interfaces_s__rosidl_typesupport_c.cpython-310-x86_64-linux-gnu.so" to ""
[6.723s] -- Installing: /home/jr/ros2_ws/install/my_robot_interfaces/lib/libmy_robot_interfaces__rosidl_generator_py.so
[6.723s] -- Set runtime path of "/home/jr/ros2_ws/install/my_robot_interfaces/lib/libmy_robot_interfaces__rosidl_generator_py.so" to ""
[6.724s] -- Installing: /home/jr/ros2_ws/install/my_robot_interfaces/share/my_robot_interfaces/msg/HardwareStatus.idl
[6.724s] -- Installing: /home/jr/ros2_ws/install/my_robot_interfaces/share/my_robot_interfaces/msg/HardwareStatus.msg
[6.724s] -- Installing: /home/jr/ros2_ws/install/my_robot_interfaces/share/ament_index/resource_index/package_run_dependencies/my_robot_interfaces
[6.725s] -- Installing: /home/jr/ros2_ws/install/my_robot_interfaces/share/ament_index/resource_index/parent_prefix_path/my_robot_interfaces
[6.725s] -- Installing: /home/jr/ros2_ws/install/my_robot_interfaces/share/my_robot_interfaces/environment/ament_prefix_path.sh
[6.725s] -- Installing: /home/jr/ros2_ws/install/my_robot_interfaces/share/my_robot_interfaces/environment/ament_prefix_path.dsv
[6.725s] -- Installing: /home/jr/ros2_ws/install/my_robot_interfaces/share/my_robot_interfaces/environment/path.sh
[6.726s] -- Installing: /home/jr/ros2_ws/install/my_robot_interfaces/share/my_robot_interfaces/environment/path.dsv
[6.726s] -- Installing: /home/jr/ros2_ws/install/my_robot_interfaces/share/my_robot_interfaces/local_setup.bash
[6.727s] -- Installing: /home/jr/ros2_ws/install/my_robot_interfaces/share/my_robot_interfaces/local_setup.sh
[6.727s] -- Installing: /home/jr/ros2_ws/install/my_robot_interfaces/share/my_robot_interfaces/local_setup.zsh
[6.727s] -- Installing: /home/jr/ros2_ws/install/my_robot_interfaces/share/my_robot_interfaces/local_setup.dsv
[6.727s] -- Installing: /home/jr/ros2_ws/install/my_robot_interfaces/share/my_robot_interfaces/package.dsv
[6.727s] -- Installing: /home/jr/ros2_ws/install/my_robot_interfaces/share/ament_index/resource_index/packages/my_robot_interfaces
[6.727s] -- Installing: /home/jr/ros2_ws/install/my_robot_interfaces/share/my_robot_interfaces/cmake/export_my_robot_interfaces__rosidl_generator_cExport.cmake
[6.728s] -- Installing: /home/jr/ros2_ws/install/my_robot_interfaces/share/my_robot_interfaces/cmake/export_my_robot_interfaces__rosidl_generator_cExport-noconfig.cmake
[6.728s] -- Installing: /home/jr/ros2_ws/install/my_robot_interfaces/share/my_robot_interfaces/cmake/export_my_robot_interfaces__rosidl_typesupport_fastrtps_cExport.cmake
[6.728s] -- Installing: /home/jr/ros2_ws/install/my_robot_interfaces/share/my_robot_interfaces/cmake/export_my_robot_interfaces__rosidl_typesupport_fastrtps_cExport-noconfig.cmake
[6.729s] -- Installing: /home/jr/ros2_ws/install/my_robot_interfaces/share/my_robot_interfaces/cmake/my_robot_interfaces__rosidl_typesupport_introspection_cExport.cmake
[6.729s] -- Installing: /home/jr/ros2_ws/install/my_robot_interfaces/share/my_robot_interfaces/cmake/my_robot_interfaces__rosidl_typesupport_introspection_cExport-noconfig.cmake
[6.729s] -- Installing: /home/jr/ros2_ws/install/my_robot_interfaces/share/my_robot_interfaces/cmake/my_robot_interfaces__rosidl_typesupport_cExport.cmake
[6.729s] -- Installing: /home/jr/ros2_ws/install/my_robot_interfaces/share/my_robot_interfaces/cmake/my_robot_interfaces__rosidl_typesupport_cExport-noconfig.cmake
[6.729s] -- Installing: /home/jr/ros2_ws/install/my_robot_interfaces/share/my_robot_interfaces/cmake/export_my_robot_interfaces__rosidl_generator_cppExport.cmake
[6.730s] -- Installing: /home/jr/ros2_ws/install/my_robot_interfaces/share/my_robot_interfaces/cmake/export_my_robot_interfaces__rosidl_typesupport_fastrtps_cppExport.cmake
[6.730s] -- Installing: /home/jr/ros2_ws/install/my_robot_interfaces/share/my_robot_interfaces/cmake/export_my_robot_interfaces__rosidl_typesupport_fastrtps_cppExport-noconfig.cmake
[6.730s] -- Installing: /home/jr/ros2_ws/install/my_robot_interfaces/share/my_robot_interfaces/cmake/my_robot_interfaces__rosidl_typesupport_introspection_cppExport.cmake
[6.730s] -- Installing: /home/jr/ros2_ws/install/my_robot_interfaces/share/my_robot_interfaces/cmake/my_robot_interfaces__rosidl_typesupport_introspection_cppExport-noconfig.cmake
[6.730s] -- Installing: /home/jr/ros2_ws/install/my_robot_interfaces/share/my_robot_interfaces/cmake/my_robot_interfaces__rosidl_typesupport_cppExport.cmake
[6.731s] -- Installing: /home/jr/ros2_ws/install/my_robot_interfaces/share/my_robot_interfaces/cmake/my_robot_interfaces__rosidl_typesupport_cppExport-noconfig.cmake
[6.731s] -- Installing: /home/jr/ros2_ws/install/my_robot_interfaces/share/my_robot_interfaces/cmake/export_my_robot_interfaces__rosidl_generator_pyExport.cmake
[6.731s] -- Installing: /home/jr/ros2_ws/install/my_robot_interfaces/share/my_robot_interfaces/cmake/export_my_robot_interfaces__rosidl_generator_pyExport-noconfig.cmake
[6.732s] -- Installing: /home/jr/ros2_ws/install/my_robot_interfaces/share/my_robot_interfaces/cmake/rosidl_cmake-extras.cmake
[6.732s] -- Installing: /home/jr/ros2_ws/install/my_robot_interfaces/share/my_robot_interfaces/cmake/ament_cmake_export_include_directories-extras.cmake
[6.732s] -- Installing: /home/jr/ros2_ws/install/my_robot_interfaces/share/my_robot_interfaces/cmake/ament_cmake_export_libraries-extras.cmake
[6.732s] -- Installing: /home/jr/ros2_ws/install/my_robot_interfaces/share/my_robot_interfaces/cmake/ament_cmake_export_targets-extras.cmake
[6.732s] -- Installing: /home/jr/ros2_ws/install/my_robot_interfaces/share/my_robot_interfaces/cmake/rosidl_cmake_export_typesupport_targets-extras.cmake
[6.733s] -- Installing: /home/jr/ros2_ws/install/my_robot_interfaces/share/my_robot_interfaces/cmake/ament_cmake_export_dependencies-extras.cmake
[6.733s] -- Installing: /home/jr/ros2_ws/install/my_robot_interfaces/share/my_robot_interfaces/cmake/rosidl_cmake_export_typesupport_libraries-extras.cmake
[6.733s] -- Installing: /home/jr/ros2_ws/install/my_robot_interfaces/share/my_robot_interfaces/cmake/my_robot_interfacesConfig.cmake
[6.733s] -- Installing: /home/jr/ros2_ws/install/my_robot_interfaces/share/my_robot_interfaces/cmake/my_robot_interfacesConfig-version.cmake
[6.733s] -- Installing: /home/jr/ros2_ws/install/my_robot_interfaces/share/my_robot_interfaces/package.xml
[6.737s] Invoked command in '/home/jr/ros2_ws/build/my_robot_interfaces' returned '0': CMAKE_PREFIX_PATH=/home/jr/ros2_ws/install/my_py_pkg:/opt/ros/humble /usr/bin/cmake --install /home/jr/ros2_ws/build/my_robot_interfaces
