[1.362s] Invoking command in '/home/jr/ros2_ws/build/my_py_pkg': PYTHONPATH=/home/jr/ros2_ws/build/my_py_pkg/prefix_override:/usr/lib/python3/dist-packages/colcon_core/task/python/colcon_distutils_commands:/home/jr/ros2_ws/install/my_py_pkg/lib/python3.10/site-packages:${PYTHONPATH} /usr/bin/python3 -W ignore:setup.py install is deprecated setup.py develop --uninstall --editable --build-directory /home/jr/ros2_ws/build/my_py_pkg/build
[1.945s] running develop
[2.316s] Removing /home/jr/ros2_ws/install/my_py_pkg/lib/python3.10/site-packages/my-py-pkg.egg-link (link to .)
[2.360s] Invoked command in '/home/jr/ros2_ws/build/my_py_pkg' returned '0': PYTHONPATH=/home/jr/ros2_ws/build/my_py_pkg/prefix_override:/usr/lib/python3/dist-packages/colcon_core/task/python/colcon_distutils_commands:/home/jr/ros2_ws/install/my_py_pkg/lib/python3.10/site-packages:${PYTHONPATH} /usr/bin/python3 -W ignore:setup.py install is deprecated setup.py develop --uninstall --editable --build-directory /home/jr/ros2_ws/build/my_py_pkg/build
[2.363s] Invoking command in '/home/jr/ros2_ws/src/my_py_pkg': PYTHONPATH=/home/jr/ros2_ws/build/my_py_pkg/prefix_override:/usr/lib/python3/dist-packages/colcon_core/task/python/colcon_distutils_commands:/home/jr/ros2_ws/install/my_py_pkg/lib/python3.10/site-packages:${PYTHONPATH} /usr/bin/python3 -W ignore:setup.py install is deprecated setup.py egg_info --egg-base ../../build/my_py_pkg build --build-base /home/jr/ros2_ws/build/my_py_pkg/build install --record /home/jr/ros2_ws/build/my_py_pkg/install.log --single-version-externally-managed install_data --force
[2.872s] running egg_info
[2.873s] writing ../../build/my_py_pkg/my_py_pkg.egg-info/PKG-INFO
[2.873s] writing dependency_links to ../../build/my_py_pkg/my_py_pkg.egg-info/dependency_links.txt
[2.874s] writing entry points to ../../build/my_py_pkg/my_py_pkg.egg-info/entry_points.txt
[2.874s] writing requirements to ../../build/my_py_pkg/my_py_pkg.egg-info/requires.txt
[2.874s] writing top-level names to ../../build/my_py_pkg/my_py_pkg.egg-info/top_level.txt
[2.878s] reading manifest file '../../build/my_py_pkg/my_py_pkg.egg-info/SOURCES.txt'
[2.880s] writing manifest file '../../build/my_py_pkg/my_py_pkg.egg-info/SOURCES.txt'
[2.881s] running build
[2.881s] running build_py
[2.887s] copying my_py_pkg/robot_news_station.py -> /home/jr/ros2_ws/build/my_py_pkg/build/lib/my_py_pkg
[2.887s] copying my_py_pkg/add_two_ints_server.py -> /home/jr/ros2_ws/build/my_py_pkg/build/lib/my_py_pkg
[2.888s] running install
[2.889s] running install_lib
[2.892s] creating /home/jr/ros2_ws/install/my_py_pkg/lib/python3.10/site-packages/my_py_pkg
[2.892s] copying /home/jr/ros2_ws/build/my_py_pkg/build/lib/my_py_pkg/my_first_node.py -> /home/jr/ros2_ws/install/my_py_pkg/lib/python3.10/site-packages/my_py_pkg
[2.893s] copying /home/jr/ros2_ws/build/my_py_pkg/build/lib/my_py_pkg/robot_news_station.py -> /home/jr/ros2_ws/install/my_py_pkg/lib/python3.10/site-packages/my_py_pkg
[2.893s] copying /home/jr/ros2_ws/build/my_py_pkg/build/lib/my_py_pkg/__init__.py -> /home/jr/ros2_ws/install/my_py_pkg/lib/python3.10/site-packages/my_py_pkg
[2.893s] copying /home/jr/ros2_ws/build/my_py_pkg/build/lib/my_py_pkg/add_two_ints_server.py -> /home/jr/ros2_ws/install/my_py_pkg/lib/python3.10/site-packages/my_py_pkg
[2.893s] copying /home/jr/ros2_ws/build/my_py_pkg/build/lib/my_py_pkg/add_two_ints.py -> /home/jr/ros2_ws/install/my_py_pkg/lib/python3.10/site-packages/my_py_pkg
[2.894s] byte-compiling /home/jr/ros2_ws/install/my_py_pkg/lib/python3.10/site-packages/my_py_pkg/my_first_node.py to my_first_node.cpython-310.pyc
[2.896s] byte-compiling /home/jr/ros2_ws/install/my_py_pkg/lib/python3.10/site-packages/my_py_pkg/robot_news_station.py to robot_news_station.cpython-310.pyc
[2.896s] byte-compiling /home/jr/ros2_ws/install/my_py_pkg/lib/python3.10/site-packages/my_py_pkg/__init__.py to __init__.cpython-310.pyc
[2.897s] byte-compiling /home/jr/ros2_ws/install/my_py_pkg/lib/python3.10/site-packages/my_py_pkg/add_two_ints_server.py to add_two_ints_server.cpython-310.pyc
[2.897s] byte-compiling /home/jr/ros2_ws/install/my_py_pkg/lib/python3.10/site-packages/my_py_pkg/add_two_ints.py to add_two_ints.cpython-310.pyc
[2.898s] running install_data
[2.898s] copying resource/my_py_pkg -> /home/jr/ros2_ws/install/my_py_pkg/share/ament_index/resource_index/packages
[2.899s] copying package.xml -> /home/jr/ros2_ws/install/my_py_pkg/share/my_py_pkg
[2.899s] running install_egg_info
[2.902s] Copying ../../build/my_py_pkg/my_py_pkg.egg-info to /home/jr/ros2_ws/install/my_py_pkg/lib/python3.10/site-packages/my_py_pkg-0.0.0-py3.10.egg-info
[2.904s] running install_scripts
[2.939s] Installing add_two_ints_server script to /home/jr/ros2_ws/install/my_py_pkg/lib/my_py_pkg
[2.940s] Installing py_node script to /home/jr/ros2_ws/install/my_py_pkg/lib/my_py_pkg
[2.940s] Installing robot_news_station script to /home/jr/ros2_ws/install/my_py_pkg/lib/my_py_pkg
[2.941s] writing list of installed files to '/home/jr/ros2_ws/build/my_py_pkg/install.log'
[2.988s] Invoked command in '/home/jr/ros2_ws/src/my_py_pkg' returned '0': PYTHONPATH=/home/jr/ros2_ws/build/my_py_pkg/prefix_override:/usr/lib/python3/dist-packages/colcon_core/task/python/colcon_distutils_commands:/home/jr/ros2_ws/install/my_py_pkg/lib/python3.10/site-packages:${PYTHONPATH} /usr/bin/python3 -W ignore:setup.py install is deprecated setup.py egg_info --egg-base ../../build/my_py_pkg build --build-base /home/jr/ros2_ws/build/my_py_pkg/build install --record /home/jr/ros2_ws/build/my_py_pkg/install.log --single-version-externally-managed install_data --force
