[0.026s] Invoking command in '/home/jr/ros2_ws/build/my_robot_bringup': AMENT_PREFIX_PATH=/home/jr/ros2_ws/install/my_py_pkg:/home/jr/ros2_ws/install/my_robot_bringup:/home/jr/ros2_ws/install/my_robot_interfaces:/opt/ros/humble CMAKE_PREFIX_PATH=/home/jr/ros2_ws/install/my_robot_interfaces:/home/jr/ros2_ws/install/my_robot_bringup:/home/jr/ros2_ws/install/my_py_pkg:/opt/ros/humble LD_LIBRARY_PATH=/home/jr/ros2_ws/install/my_robot_interfaces/lib:/usr/lib/x86_64-linux-gnu/gazebo-11/plugins:/opt/ros/humble/opt/rviz_ogre_vendor/lib:/opt/ros/humble/lib/x86_64-linux-gnu:/opt/ros/humble/lib:/usr/share/gazebo/../../lib/x86_64-linux-gnu/gazebo-11/plugins:/usr/share/gazebo/../../lib/x86_64-linux-gnu/gazebo-11/plugins:/usr/share/gazebo/../../lib/x86_64-linux-gnu/gazebo-11/plugins /usr/bin/cmake --build /home/jr/ros2_ws/build/my_robot_bringup -- -j6 -l6
[0.088s] Invoked command in '/home/jr/ros2_ws/build/my_robot_bringup' returned '0': AMENT_PREFIX_PATH=/home/jr/ros2_ws/install/my_py_pkg:/home/jr/ros2_ws/install/my_robot_bringup:/home/jr/ros2_ws/install/my_robot_interfaces:/opt/ros/humble CMAKE_PREFIX_PATH=/home/jr/ros2_ws/install/my_robot_interfaces:/home/jr/ros2_ws/install/my_robot_bringup:/home/jr/ros2_ws/install/my_py_pkg:/opt/ros/humble LD_LIBRARY_PATH=/home/jr/ros2_ws/install/my_robot_interfaces/lib:/usr/lib/x86_64-linux-gnu/gazebo-11/plugins:/opt/ros/humble/opt/rviz_ogre_vendor/lib:/opt/ros/humble/lib/x86_64-linux-gnu:/opt/ros/humble/lib:/usr/share/gazebo/../../lib/x86_64-linux-gnu/gazebo-11/plugins:/usr/share/gazebo/../../lib/x86_64-linux-gnu/gazebo-11/plugins:/usr/share/gazebo/../../lib/x86_64-linux-gnu/gazebo-11/plugins /usr/bin/cmake --build /home/jr/ros2_ws/build/my_robot_bringup -- -j6 -l6
[0.150s] Invoking command in '/home/jr/ros2_ws/build/my_robot_bringup': AMENT_PREFIX_PATH=/home/jr/ros2_ws/install/my_py_pkg:/home/jr/ros2_ws/install/my_robot_bringup:/home/jr/ros2_ws/install/my_robot_interfaces:/opt/ros/humble CMAKE_PREFIX_PATH=/home/jr/ros2_ws/install/my_robot_interfaces:/home/jr/ros2_ws/install/my_robot_bringup:/home/jr/ros2_ws/install/my_py_pkg:/opt/ros/humble LD_LIBRARY_PATH=/home/jr/ros2_ws/install/my_robot_interfaces/lib:/usr/lib/x86_64-linux-gnu/gazebo-11/plugins:/opt/ros/humble/opt/rviz_ogre_vendor/lib:/opt/ros/humble/lib/x86_64-linux-gnu:/opt/ros/humble/lib:/usr/share/gazebo/../../lib/x86_64-linux-gnu/gazebo-11/plugins:/usr/share/gazebo/../../lib/x86_64-linux-gnu/gazebo-11/plugins:/usr/share/gazebo/../../lib/x86_64-linux-gnu/gazebo-11/plugins /usr/bin/cmake --install /home/jr/ros2_ws/build/my_robot_bringup
[0.166s] -- Install configuration: ""
[0.168s] -- Execute custom install script
[0.168s] -- Up-to-date symlink: /home/jr/ros2_ws/install/my_robot_bringup/share/my_robot_bringup/launch/my_robot_elevation.launch.py
[0.168s] -- Symlinking: /home/jr/ros2_ws/install/my_robot_bringup/share/my_robot_bringup/launch/my_robot_example.launch.py
[0.193s] -- Up-to-date symlink: /home/jr/ros2_ws/install/my_robot_bringup/share/my_robot_bringup/launch/number_app.launch.py
[0.193s] -- Up-to-date symlink: /home/jr/ros2_ws/install/my_robot_bringup/share/my_robot_bringup/rviz/demo_depth_camera_ros2.rviz
[0.194s] -- Up-to-date symlink: /home/jr/ros2_ws/install/my_robot_bringup/share/my_robot_bringup/worlds/demo_elevation_map.world.xml
[0.196s] -- Up-to-date symlink: /home/jr/ros2_ws/install/my_robot_bringup/share/ament_index/resource_index/package_run_dependencies/my_robot_bringup
[0.197s] -- Up-to-date symlink: /home/jr/ros2_ws/install/my_robot_bringup/share/ament_index/resource_index/parent_prefix_path/my_robot_bringup
[0.197s] -- Up-to-date symlink: /home/jr/ros2_ws/install/my_robot_bringup/share/my_robot_bringup/environment/ament_prefix_path.sh
[0.198s] -- Up-to-date symlink: /home/jr/ros2_ws/install/my_robot_bringup/share/my_robot_bringup/environment/ament_prefix_path.dsv
[0.198s] -- Up-to-date symlink: /home/jr/ros2_ws/install/my_robot_bringup/share/my_robot_bringup/environment/path.sh
[0.198s] -- Up-to-date symlink: /home/jr/ros2_ws/install/my_robot_bringup/share/my_robot_bringup/environment/path.dsv
[0.198s] -- Up-to-date symlink: /home/jr/ros2_ws/install/my_robot_bringup/share/my_robot_bringup/local_setup.bash
[0.198s] -- Up-to-date symlink: /home/jr/ros2_ws/install/my_robot_bringup/share/my_robot_bringup/local_setup.sh
[0.198s] -- Up-to-date symlink: /home/jr/ros2_ws/install/my_robot_bringup/share/my_robot_bringup/local_setup.zsh
[0.198s] -- Up-to-date symlink: /home/jr/ros2_ws/install/my_robot_bringup/share/my_robot_bringup/local_setup.dsv
[0.199s] -- Symlinking: /home/jr/ros2_ws/install/my_robot_bringup/share/my_robot_bringup/package.dsv
[0.209s] -- Up-to-date symlink: /home/jr/ros2_ws/install/my_robot_bringup/share/ament_index/resource_index/packages/my_robot_bringup
[0.211s] -- Up-to-date symlink: /home/jr/ros2_ws/install/my_robot_bringup/share/my_robot_bringup/cmake/my_robot_bringupConfig.cmake
[0.211s] -- Up-to-date symlink: /home/jr/ros2_ws/install/my_robot_bringup/share/my_robot_bringup/cmake/my_robot_bringupConfig-version.cmake
[0.211s] -- Up-to-date symlink: /home/jr/ros2_ws/install/my_robot_bringup/share/my_robot_bringup/package.xml
[0.214s] Invoked command in '/home/jr/ros2_ws/build/my_robot_bringup' returned '0': AMENT_PREFIX_PATH=/home/jr/ros2_ws/install/my_py_pkg:/home/jr/ros2_ws/install/my_robot_bringup:/home/jr/ros2_ws/install/my_robot_interfaces:/opt/ros/humble CMAKE_PREFIX_PATH=/home/jr/ros2_ws/install/my_robot_interfaces:/home/jr/ros2_ws/install/my_robot_bringup:/home/jr/ros2_ws/install/my_py_pkg:/opt/ros/humble LD_LIBRARY_PATH=/home/jr/ros2_ws/install/my_robot_interfaces/lib:/usr/lib/x86_64-linux-gnu/gazebo-11/plugins:/opt/ros/humble/opt/rviz_ogre_vendor/lib:/opt/ros/humble/lib/x86_64-linux-gnu:/opt/ros/humble/lib:/usr/share/gazebo/../../lib/x86_64-linux-gnu/gazebo-11/plugins:/usr/share/gazebo/../../lib/x86_64-linux-gnu/gazebo-11/plugins:/usr/share/gazebo/../../lib/x86_64-linux-gnu/gazebo-11/plugins /usr/bin/cmake --install /home/jr/ros2_ws/build/my_robot_bringup
