[0.018s] Invoking command in '/home/jr/ros2_ws/build/my_mvsim_pkg': CMAKE_PREFIX_PATH=${CMAKE_PREFIX_PATH}:/home/jr/ros2_ws/install/my_py_pkg:/opt/ros/humble /usr/bin/cmake /home/jr/ros2_ws/src/my_mvsim_pkg -DCMAKE_INSTALL_PREFIX=/home/jr/ros2_ws/install/my_mvsim_pkg
[0.232s] -- The C compiler identification is GNU 11.4.0
[0.439s] -- The CXX compiler identification is GNU 11.4.0
[0.469s] -- Detecting C compiler ABI info
[0.600s] -- Detecting C compiler ABI info - done
[0.628s] -- Check for working C compiler: /usr/bin/cc - skipped
[0.629s] -- Detecting C compile features
[0.631s] -- Detecting C compile features - done
[0.640s] -- Detecting CXX compiler ABI info
[0.781s] -- Detecting CXX compiler ABI info - done
[0.807s] -- Check for working CXX compiler: /usr/bin/c++ - skipped
[0.808s] -- Detecting CXX compile features
[0.809s] -- Detecting CXX compile features - done
[0.822s] -- Found ament_cmake: 1.3.10 (/opt/ros/humble/share/ament_cmake/cmake)
[1.118s] -- Found Python3: /usr/bin/python3 (found version "3.10.12") found components: Interpreter 
[1.446s] -- Configuring done
[1.450s] -- Generating done
[1.452s] -- Build files have been written to: /home/jr/ros2_ws/build/my_mvsim_pkg
[1.461s] Invoked command in '/home/jr/ros2_ws/build/my_mvsim_pkg' returned '0': CMAKE_PREFIX_PATH=${CMAKE_PREFIX_PATH}:/home/jr/ros2_ws/install/my_py_pkg:/opt/ros/humble /usr/bin/cmake /home/jr/ros2_ws/src/my_mvsim_pkg -DCMAKE_INSTALL_PREFIX=/home/jr/ros2_ws/install/my_mvsim_pkg
[1.465s] Invoking command in '/home/jr/ros2_ws/build/my_mvsim_pkg': CMAKE_PREFIX_PATH=${CMAKE_PREFIX_PATH}:/home/jr/ros2_ws/install/my_py_pkg:/opt/ros/humble /usr/bin/cmake --build /home/jr/ros2_ws/build/my_mvsim_pkg -- -j6 -l6
[1.519s] Invoked command in '/home/jr/ros2_ws/build/my_mvsim_pkg' returned '0': CMAKE_PREFIX_PATH=${CMAKE_PREFIX_PATH}:/home/jr/ros2_ws/install/my_py_pkg:/opt/ros/humble /usr/bin/cmake --build /home/jr/ros2_ws/build/my_mvsim_pkg -- -j6 -l6
[1.575s] Invoking command in '/home/jr/ros2_ws/build/my_mvsim_pkg': CMAKE_PREFIX_PATH=${CMAKE_PREFIX_PATH}:/home/jr/ros2_ws/install/my_py_pkg:/opt/ros/humble /usr/bin/cmake --install /home/jr/ros2_ws/build/my_mvsim_pkg
[1.585s] -- Install configuration: ""
[1.586s] -- Installing: /home/jr/ros2_ws/install/my_mvsim_pkg/share/my_mvsim_pkg//config
[1.586s] -- Installing: /home/jr/ros2_ws/install/my_mvsim_pkg/share/my_mvsim_pkg//config/mvsim_ros2_params.yaml
[1.586s] -- Installing: /home/jr/ros2_ws/install/my_mvsim_pkg/share/my_mvsim_pkg//rviz
[1.586s] -- Installing: /home/jr/ros2_ws/install/my_mvsim_pkg/share/my_mvsim_pkg//rviz/demo_depth_camera_ros2.rviz
[1.586s] -- Installing: /home/jr/ros2_ws/install/my_mvsim_pkg/share/my_mvsim_pkg//worlds
[1.587s] -- Installing: /home/jr/ros2_ws/install/my_mvsim_pkg/share/my_mvsim_pkg//worlds/demo_elevation_map.world.xml
[1.589s] -- Installing: /home/jr/ros2_ws/install/my_mvsim_pkg/share/ament_index/resource_index/package_run_dependencies/my_mvsim_pkg
[1.590s] -- Installing: /home/jr/ros2_ws/install/my_mvsim_pkg/share/ament_index/resource_index/parent_prefix_path/my_mvsim_pkg
[1.590s] -- Installing: /home/jr/ros2_ws/install/my_mvsim_pkg/share/my_mvsim_pkg/environment/ament_prefix_path.sh
[1.591s] -- Installing: /home/jr/ros2_ws/install/my_mvsim_pkg/share/my_mvsim_pkg/environment/ament_prefix_path.dsv
[1.591s] -- Installing: /home/jr/ros2_ws/install/my_mvsim_pkg/share/my_mvsim_pkg/environment/path.sh
[1.591s] -- Installing: /home/jr/ros2_ws/install/my_mvsim_pkg/share/my_mvsim_pkg/environment/path.dsv
[1.591s] -- Installing: /home/jr/ros2_ws/install/my_mvsim_pkg/share/my_mvsim_pkg/local_setup.bash
[1.592s] -- Installing: /home/jr/ros2_ws/install/my_mvsim_pkg/share/my_mvsim_pkg/local_setup.sh
[1.592s] -- Installing: /home/jr/ros2_ws/install/my_mvsim_pkg/share/my_mvsim_pkg/local_setup.zsh
[1.592s] -- Installing: /home/jr/ros2_ws/install/my_mvsim_pkg/share/my_mvsim_pkg/local_setup.dsv
[1.592s] -- Installing: /home/jr/ros2_ws/install/my_mvsim_pkg/share/my_mvsim_pkg/package.dsv
[1.593s] -- Installing: /home/jr/ros2_ws/install/my_mvsim_pkg/share/ament_index/resource_index/packages/my_mvsim_pkg
[1.594s] -- Installing: /home/jr/ros2_ws/install/my_mvsim_pkg/share/my_mvsim_pkg/cmake/my_mvsim_pkgConfig.cmake
[1.594s] -- Installing: /home/jr/ros2_ws/install/my_mvsim_pkg/share/my_mvsim_pkg/cmake/my_mvsim_pkgConfig-version.cmake
[1.594s] -- Installing: /home/jr/ros2_ws/install/my_mvsim_pkg/share/my_mvsim_pkg/package.xml
[1.595s] Invoked command in '/home/jr/ros2_ws/build/my_mvsim_pkg' returned '0': CMAKE_PREFIX_PATH=${CMAKE_PREFIX_PATH}:/home/jr/ros2_ws/install/my_py_pkg:/opt/ros/humble /usr/bin/cmake --install /home/jr/ros2_ws/build/my_mvsim_pkg
