[1.363s] Invoking command in '/home/jr/ros2_ws/src/my_py_pkg': PYTHONPATH=/home/jr/ros2_ws/build/my_py_pkg/prefix_override:/usr/lib/python3/dist-packages/colcon_core/task/python/colcon_distutils_commands:/home/jr/ros2_ws/install/my_py_pkg/lib/python3.10/site-packages:${PYTHONPATH} /usr/bin/python3 -W ignore:setup.py install is deprecated setup.py egg_info --egg-base ../../build/my_py_pkg build --build-base /home/jr/ros2_ws/build/my_py_pkg/build install --record /home/jr/ros2_ws/build/my_py_pkg/install.log --single-version-externally-managed install_data
[1.889s] running egg_info
[1.889s] writing ../../build/my_py_pkg/my_py_pkg.egg-info/PKG-INFO
[1.890s] writing dependency_links to ../../build/my_py_pkg/my_py_pkg.egg-info/dependency_links.txt
[1.891s] writing entry points to ../../build/my_py_pkg/my_py_pkg.egg-info/entry_points.txt
[1.891s] writing requirements to ../../build/my_py_pkg/my_py_pkg.egg-info/requires.txt
[1.891s] writing top-level names to ../../build/my_py_pkg/my_py_pkg.egg-info/top_level.txt
[1.895s] reading manifest file '../../build/my_py_pkg/my_py_pkg.egg-info/SOURCES.txt'
[1.896s] writing manifest file '../../build/my_py_pkg/my_py_pkg.egg-info/SOURCES.txt'
[1.896s] running build
[1.896s] running build_py
[1.897s] copying my_py_pkg/my_first_node.py -> /home/jr/ros2_ws/build/my_py_pkg/build/lib/my_py_pkg
[1.897s] running install
[1.898s] running install_lib
[1.899s] copying /home/jr/ros2_ws/build/my_py_pkg/build/lib/my_py_pkg/my_first_node.py -> /home/jr/ros2_ws/install/my_py_pkg/lib/python3.10/site-packages/my_py_pkg
[1.900s] byte-compiling /home/jr/ros2_ws/install/my_py_pkg/lib/python3.10/site-packages/my_py_pkg/my_first_node.py to my_first_node.cpython-310.pyc
[1.900s] running install_data
[1.901s] running install_egg_info
[1.904s] removing '/home/jr/ros2_ws/install/my_py_pkg/lib/python3.10/site-packages/my_py_pkg-0.0.0-py3.10.egg-info' (and everything under it)
[1.907s] Copying ../../build/my_py_pkg/my_py_pkg.egg-info to /home/jr/ros2_ws/install/my_py_pkg/lib/python3.10/site-packages/my_py_pkg-0.0.0-py3.10.egg-info
[1.908s] running install_scripts
[1.944s] Installing py_node script to /home/jr/ros2_ws/install/my_py_pkg/lib/my_py_pkg
[1.944s] writing list of installed files to '/home/jr/ros2_ws/build/my_py_pkg/install.log'
[1.994s] Invoked command in '/home/jr/ros2_ws/src/my_py_pkg' returned '0': PYTHONPATH=/home/jr/ros2_ws/build/my_py_pkg/prefix_override:/usr/lib/python3/dist-packages/colcon_core/task/python/colcon_distutils_commands:/home/jr/ros2_ws/install/my_py_pkg/lib/python3.10/site-packages:${PYTHONPATH} /usr/bin/python3 -W ignore:setup.py install is deprecated setup.py egg_info --egg-base ../../build/my_py_pkg build --build-base /home/jr/ros2_ws/build/my_py_pkg/build install --record /home/jr/ros2_ws/build/my_py_pkg/install.log --single-version-externally-managed install_data
