-- Install configuration: ""
-- Up-to-date: /home/jr/ros2_ws/install/my_mvsim_pkg/share/my_mvsim_pkg//config
-- Installing: /home/jr/ros2_ws/install/my_mvsim_pkg/share/my_mvsim_pkg//config/mvsim_ros2_params.yaml
-- Up-to-date: /home/jr/ros2_ws/install/my_mvsim_pkg/share/my_mvsim_pkg//rviz
-- Up-to-date: /home/jr/ros2_ws/install/my_mvsim_pkg/share/my_mvsim_pkg//rviz/demo_depth_camera_ros2.rviz
-- Up-to-date: /home/jr/ros2_ws/install/my_mvsim_pkg/share/my_mvsim_pkg//worlds
-- Up-to-date: /home/jr/ros2_ws/install/my_mvsim_pkg/share/my_mvsim_pkg//worlds/demo_elevation_map.world.xml
-- Up-to-date: /home/jr/ros2_ws/install/my_mvsim_pkg/share/ament_index/resource_index/package_run_dependencies/my_mvsim_pkg
-- Up-to-date: /home/jr/ros2_ws/install/my_mvsim_pkg/share/ament_index/resource_index/parent_prefix_path/my_mvsim_pkg
-- Up-to-date: /home/jr/ros2_ws/install/my_mvsim_pkg/share/my_mvsim_pkg/environment/ament_prefix_path.sh
-- Up-to-date: /home/jr/ros2_ws/install/my_mvsim_pkg/share/my_mvsim_pkg/environment/ament_prefix_path.dsv
-- Up-to-date: /home/jr/ros2_ws/install/my_mvsim_pkg/share/my_mvsim_pkg/environment/path.sh
-- Up-to-date: /home/jr/ros2_ws/install/my_mvsim_pkg/share/my_mvsim_pkg/environment/path.dsv
-- Up-to-date: /home/jr/ros2_ws/install/my_mvsim_pkg/share/my_mvsim_pkg/local_setup.bash
-- Up-to-date: /home/jr/ros2_ws/install/my_mvsim_pkg/share/my_mvsim_pkg/local_setup.sh
-- Up-to-date: /home/jr/ros2_ws/install/my_mvsim_pkg/share/my_mvsim_pkg/local_setup.zsh
-- Up-to-date: /home/jr/ros2_ws/install/my_mvsim_pkg/share/my_mvsim_pkg/local_setup.dsv
-- Up-to-date: /home/jr/ros2_ws/install/my_mvsim_pkg/share/my_mvsim_pkg/package.dsv
-- Up-to-date: /home/jr/ros2_ws/install/my_mvsim_pkg/share/ament_index/resource_index/packages/my_mvsim_pkg
-- Up-to-date: /home/jr/ros2_ws/install/my_mvsim_pkg/share/my_mvsim_pkg/cmake/my_mvsim_pkgConfig.cmake
-- Up-to-date: /home/jr/ros2_ws/install/my_mvsim_pkg/share/my_mvsim_pkg/cmake/my_mvsim_pkgConfig-version.cmake
-- Up-to-date: /home/jr/ros2_ws/install/my_mvsim_pkg/share/my_mvsim_pkg/package.xml
