[0.219s] DEBUG:colcon:Command line arguments: ['/usr/bin/colcon', 'build', '--packages-select', 'my_robot_bringup', '--symlink-install']
[0.219s] DEBUG:colcon:Parsed command line arguments: Namespace(log_base=None, log_level=None, verb_name='build', build_base='build', install_base='install', merge_install=False, symlink_install=True, test_result_base=None, continue_on_error=False, executor='parallel', parallel_workers=6, event_handlers=None, ignore_user_meta=False, metas=['./colcon.meta'], base_paths=['.'], packages_ignore=None, packages_ignore_regex=None, paths=None, packages_up_to=None, packages_up_to_regex=None, packages_above=None, packages_above_and_dependencies=None, packages_above_depth=None, packages_select_by_dep=None, packages_skip_by_dep=None, packages_skip_up_to=None, packages_select_build_failed=False, packages_skip_build_finished=False, packages_select_test_failures=False, packages_skip_test_passed=False, packages_select=['my_robot_bringup'], packages_skip=None, packages_select_regex=None, packages_skip_regex=None, packages_start=None, packages_end=None, allow_overriding=[], cmake_args=None, cmake_target=None, cmake_target_skip_unavailable=False, cmake_clean_cache=False, cmake_clean_first=False, cmake_force_configure=False, ament_cmake_args=None, catkin_cmake_args=None, catkin_skip_building_tests=False, mixin_files=None, mixin=None, verb_parser=<colcon_mixin.mixin.mixin_argument.MixinArgumentDecorator object at 0x7c2f8712f6a0>, verb_extension=<colcon_core.verb.build.BuildVerb object at 0x7c2f8712f0d0>, main=<bound method BuildVerb.main of <colcon_core.verb.build.BuildVerb object at 0x7c2f8712f0d0>>, mixin_verb=('build',))
[0.620s] Level 1:colcon.colcon_core.package_discovery:discover_packages(colcon_meta) check parameters
[0.620s] Level 1:colcon.colcon_core.package_discovery:discover_packages(recursive) check parameters
[0.620s] Level 1:colcon.colcon_core.package_discovery:discover_packages(ignore) check parameters
[0.620s] Level 1:colcon.colcon_core.package_discovery:discover_packages(path) check parameters
[0.620s] Level 1:colcon.colcon_core.package_discovery:discover_packages(colcon_meta) discover
[0.621s] Level 1:colcon.colcon_core.package_discovery:discover_packages(recursive) discover
[0.621s] INFO:colcon.colcon_core.package_discovery:Crawling recursively for packages in '/home/jr/ros2_ws'
[0.621s] Level 1:colcon.colcon_core.package_identification:_identify(.) by extensions ['ignore', 'ignore_ament_install']
[0.621s] Level 1:colcon.colcon_core.package_identification:_identify(.) by extension 'ignore'
[0.621s] Level 1:colcon.colcon_core.package_identification:_identify(.) by extension 'ignore_ament_install'
[0.621s] Level 1:colcon.colcon_core.package_identification:_identify(.) by extensions ['colcon_pkg']
[0.621s] Level 1:colcon.colcon_core.package_identification:_identify(.) by extension 'colcon_pkg'
[0.621s] Level 1:colcon.colcon_core.package_identification:_identify(.) by extensions ['colcon_meta']
[0.621s] Level 1:colcon.colcon_core.package_identification:_identify(.) by extension 'colcon_meta'
[0.621s] Level 1:colcon.colcon_core.package_identification:_identify(.) by extensions ['ros']
[0.621s] Level 1:colcon.colcon_core.package_identification:_identify(.) by extension 'ros'
[0.656s] Level 1:colcon.colcon_core.package_identification:_identify(.) by extensions ['cmake', 'python']
[0.656s] Level 1:colcon.colcon_core.package_identification:_identify(.) by extension 'cmake'
[0.656s] Level 1:colcon.colcon_core.package_identification:_identify(.) by extension 'python'
[0.656s] Level 1:colcon.colcon_core.package_identification:_identify(.) by extensions ['python_setup_py']
[0.656s] Level 1:colcon.colcon_core.package_identification:_identify(.) by extension 'python_setup_py'
[0.656s] Level 1:colcon.colcon_core.package_identification:_identify(build) by extensions ['ignore', 'ignore_ament_install']
[0.657s] Level 1:colcon.colcon_core.package_identification:_identify(build) by extension 'ignore'
[0.657s] Level 1:colcon.colcon_core.package_identification:_identify(build) ignored
[0.657s] Level 1:colcon.colcon_core.package_identification:_identify(install) by extensions ['ignore', 'ignore_ament_install']
[0.657s] Level 1:colcon.colcon_core.package_identification:_identify(install) by extension 'ignore'
[0.657s] Level 1:colcon.colcon_core.package_identification:_identify(install) ignored
[0.657s] Level 1:colcon.colcon_core.package_identification:_identify(log) by extensions ['ignore', 'ignore_ament_install']
[0.658s] Level 1:colcon.colcon_core.package_identification:_identify(log) by extension 'ignore'
[0.658s] Level 1:colcon.colcon_core.package_identification:_identify(log) ignored
[0.658s] Level 1:colcon.colcon_core.package_identification:_identify(src) by extensions ['ignore', 'ignore_ament_install']
[0.658s] Level 1:colcon.colcon_core.package_identification:_identify(src) by extension 'ignore'
[0.658s] Level 1:colcon.colcon_core.package_identification:_identify(src) by extension 'ignore_ament_install'
[0.658s] Level 1:colcon.colcon_core.package_identification:_identify(src) by extensions ['colcon_pkg']
[0.658s] Level 1:colcon.colcon_core.package_identification:_identify(src) by extension 'colcon_pkg'
[0.659s] Level 1:colcon.colcon_core.package_identification:_identify(src) by extensions ['colcon_meta']
[0.659s] Level 1:colcon.colcon_core.package_identification:_identify(src) by extension 'colcon_meta'
[0.659s] Level 1:colcon.colcon_core.package_identification:_identify(src) by extensions ['ros']
[0.659s] Level 1:colcon.colcon_core.package_identification:_identify(src) by extension 'ros'
[0.659s] Level 1:colcon.colcon_core.package_identification:_identify(src) by extensions ['cmake', 'python']
[0.659s] Level 1:colcon.colcon_core.package_identification:_identify(src) by extension 'cmake'
[0.659s] Level 1:colcon.colcon_core.package_identification:_identify(src) by extension 'python'
[0.659s] Level 1:colcon.colcon_core.package_identification:_identify(src) by extensions ['python_setup_py']
[0.659s] Level 1:colcon.colcon_core.package_identification:_identify(src) by extension 'python_setup_py'
[0.659s] Level 1:colcon.colcon_core.package_identification:_identify(src/my_py_pkg) by extensions ['ignore', 'ignore_ament_install']
[0.660s] Level 1:colcon.colcon_core.package_identification:_identify(src/my_py_pkg) by extension 'ignore'
[0.660s] Level 1:colcon.colcon_core.package_identification:_identify(src/my_py_pkg) by extension 'ignore_ament_install'
[0.660s] Level 1:colcon.colcon_core.package_identification:_identify(src/my_py_pkg) by extensions ['colcon_pkg']
[0.660s] Level 1:colcon.colcon_core.package_identification:_identify(src/my_py_pkg) by extension 'colcon_pkg'
[0.660s] Level 1:colcon.colcon_core.package_identification:_identify(src/my_py_pkg) by extensions ['colcon_meta']
[0.660s] Level 1:colcon.colcon_core.package_identification:_identify(src/my_py_pkg) by extension 'colcon_meta'
[0.660s] Level 1:colcon.colcon_core.package_identification:_identify(src/my_py_pkg) by extensions ['ros']
[0.660s] Level 1:colcon.colcon_core.package_identification:_identify(src/my_py_pkg) by extension 'ros'
[0.665s] DEBUG:colcon.colcon_core.package_identification:Package 'src/my_py_pkg' with type 'ros.ament_python' and name 'my_py_pkg'
[0.665s] Level 1:colcon.colcon_core.package_identification:_identify(src/my_robot_bringup) by extensions ['ignore', 'ignore_ament_install']
[0.666s] Level 1:colcon.colcon_core.package_identification:_identify(src/my_robot_bringup) by extension 'ignore'
[0.666s] Level 1:colcon.colcon_core.package_identification:_identify(src/my_robot_bringup) by extension 'ignore_ament_install'
[0.666s] Level 1:colcon.colcon_core.package_identification:_identify(src/my_robot_bringup) by extensions ['colcon_pkg']
[0.666s] Level 1:colcon.colcon_core.package_identification:_identify(src/my_robot_bringup) by extension 'colcon_pkg'
[0.666s] Level 1:colcon.colcon_core.package_identification:_identify(src/my_robot_bringup) by extensions ['colcon_meta']
[0.666s] Level 1:colcon.colcon_core.package_identification:_identify(src/my_robot_bringup) by extension 'colcon_meta'
[0.666s] Level 1:colcon.colcon_core.package_identification:_identify(src/my_robot_bringup) by extensions ['ros']
[0.667s] Level 1:colcon.colcon_core.package_identification:_identify(src/my_robot_bringup) by extension 'ros'
[0.668s] DEBUG:colcon.colcon_core.package_identification:Package 'src/my_robot_bringup' with type 'ros.ament_cmake' and name 'my_robot_bringup'
[0.668s] Level 1:colcon.colcon_core.package_identification:_identify(src/my_robot_interfaces) by extensions ['ignore', 'ignore_ament_install']
[0.668s] Level 1:colcon.colcon_core.package_identification:_identify(src/my_robot_interfaces) by extension 'ignore'
[0.669s] Level 1:colcon.colcon_core.package_identification:_identify(src/my_robot_interfaces) by extension 'ignore_ament_install'
[0.669s] Level 1:colcon.colcon_core.package_identification:_identify(src/my_robot_interfaces) by extensions ['colcon_pkg']
[0.669s] Level 1:colcon.colcon_core.package_identification:_identify(src/my_robot_interfaces) by extension 'colcon_pkg'
[0.669s] Level 1:colcon.colcon_core.package_identification:_identify(src/my_robot_interfaces) by extensions ['colcon_meta']
[0.669s] Level 1:colcon.colcon_core.package_identification:_identify(src/my_robot_interfaces) by extension 'colcon_meta'
[0.669s] Level 1:colcon.colcon_core.package_identification:_identify(src/my_robot_interfaces) by extensions ['ros']
[0.669s] Level 1:colcon.colcon_core.package_identification:_identify(src/my_robot_interfaces) by extension 'ros'
[0.670s] DEBUG:colcon.colcon_core.package_identification:Package 'src/my_robot_interfaces' with type 'ros.ament_cmake' and name 'my_robot_interfaces'
[0.670s] Level 1:colcon.colcon_core.package_discovery:discover_packages(recursive) using defaults
[0.670s] Level 1:colcon.colcon_core.package_discovery:discover_packages(ignore) discover
[0.670s] Level 1:colcon.colcon_core.package_discovery:discover_packages(ignore) using defaults
[0.670s] Level 1:colcon.colcon_core.package_discovery:discover_packages(path) discover
[0.670s] Level 1:colcon.colcon_core.package_discovery:discover_packages(path) using defaults
[0.707s] INFO:colcon.colcon_core.package_selection:Skipping not selected package 'my_robot_interfaces' in 'src/my_robot_interfaces'
[0.707s] INFO:colcon.colcon_core.package_selection:Skipping not selected package 'my_py_pkg' in 'src/my_py_pkg'
[0.708s] Level 1:colcon.colcon_core.package_discovery:discover_packages(prefix_path) check parameters
[0.708s] Level 1:colcon.colcon_core.package_discovery:discover_packages(prefix_path) discover
[0.711s] DEBUG:colcon.colcon_installed_package_information.package_discovery:Found 3 installed packages in /home/jr/ros2_ws/install
[0.713s] DEBUG:colcon.colcon_installed_package_information.package_discovery:Found 329 installed packages in /opt/ros/humble
[0.718s] Level 1:colcon.colcon_core.package_discovery:discover_packages(prefix_path) using defaults
[0.816s] Level 5:colcon.colcon_core.verb:set package 'my_robot_bringup' build argument 'cmake_args' from command line to 'None'
[0.816s] Level 5:colcon.colcon_core.verb:set package 'my_robot_bringup' build argument 'cmake_target' from command line to 'None'
[0.816s] Level 5:colcon.colcon_core.verb:set package 'my_robot_bringup' build argument 'cmake_target_skip_unavailable' from command line to 'False'
[0.816s] Level 5:colcon.colcon_core.verb:set package 'my_robot_bringup' build argument 'cmake_clean_cache' from command line to 'False'
[0.816s] Level 5:colcon.colcon_core.verb:set package 'my_robot_bringup' build argument 'cmake_clean_first' from command line to 'False'
[0.816s] Level 5:colcon.colcon_core.verb:set package 'my_robot_bringup' build argument 'cmake_force_configure' from command line to 'False'
[0.816s] Level 5:colcon.colcon_core.verb:set package 'my_robot_bringup' build argument 'ament_cmake_args' from command line to 'None'
[0.816s] Level 5:colcon.colcon_core.verb:set package 'my_robot_bringup' build argument 'catkin_cmake_args' from command line to 'None'
[0.816s] Level 5:colcon.colcon_core.verb:set package 'my_robot_bringup' build argument 'catkin_skip_building_tests' from command line to 'False'
[0.817s] DEBUG:colcon.colcon_core.verb:Building package 'my_robot_bringup' with the following arguments: {'ament_cmake_args': None, 'build_base': '/home/jr/ros2_ws/build/my_robot_bringup', 'catkin_cmake_args': None, 'catkin_skip_building_tests': False, 'cmake_args': None, 'cmake_clean_cache': False, 'cmake_clean_first': False, 'cmake_force_configure': False, 'cmake_target': None, 'cmake_target_skip_unavailable': False, 'install_base': '/home/jr/ros2_ws/install/my_robot_bringup', 'merge_install': False, 'path': '/home/jr/ros2_ws/src/my_robot_bringup', 'symlink_install': True, 'test_result_base': None}
[0.817s] INFO:colcon.colcon_core.executor:Executing jobs using 'parallel' executor
[0.819s] DEBUG:colcon.colcon_parallel_executor.executor.parallel:run_until_complete
[0.819s] INFO:colcon.colcon_ros.task.ament_cmake.build:Building ROS package in '/home/jr/ros2_ws/src/my_robot_bringup' with build type 'ament_cmake'
[0.820s] INFO:colcon.colcon_cmake.task.cmake.build:Building CMake package in '/home/jr/ros2_ws/src/my_robot_bringup'
[0.823s] INFO:colcon.colcon_core.plugin_system:Skipping extension 'colcon_core.shell.bat': Not used on non-Windows systems
[0.823s] INFO:colcon.colcon_core.shell:Skip shell extension 'powershell' for command environment: Not usable outside of PowerShell
[0.823s] DEBUG:colcon.colcon_core.shell:Skip shell extension 'dsv' for command environment
[0.851s] DEBUG:colcon.colcon_core.event_handler.log_command:Invoking command in '/home/jr/ros2_ws/build/my_robot_bringup': CMAKE_PREFIX_PATH=${CMAKE_PREFIX_PATH}:/home/jr/ros2_ws/install/my_py_pkg:/opt/ros/humble LD_LIBRARY_PATH=/home/jr/ros2_ws/install/my_robot_interfaces/lib:/usr/lib/x86_64-linux-gnu/gazebo-11/plugins:/opt/ros/humble/opt/rviz_ogre_vendor/lib:/opt/ros/humble/lib/x86_64-linux-gnu:/opt/ros/humble/lib:/usr/share/gazebo/../../lib/x86_64-linux-gnu/gazebo-11/plugins PYTHONPATH=/home/jr/ros2_ws/build/my_py_pkg:${PYTHONPATH} /usr/bin/cmake --build /home/jr/ros2_ws/build/my_robot_bringup -- -j6 -l6
[1.311s] DEBUG:colcon.colcon_core.event_handler.log_command:Invoked command in '/home/jr/ros2_ws/build/my_robot_bringup' returned '0': CMAKE_PREFIX_PATH=${CMAKE_PREFIX_PATH}:/home/jr/ros2_ws/install/my_py_pkg:/opt/ros/humble LD_LIBRARY_PATH=/home/jr/ros2_ws/install/my_robot_interfaces/lib:/usr/lib/x86_64-linux-gnu/gazebo-11/plugins:/opt/ros/humble/opt/rviz_ogre_vendor/lib:/opt/ros/humble/lib/x86_64-linux-gnu:/opt/ros/humble/lib:/usr/share/gazebo/../../lib/x86_64-linux-gnu/gazebo-11/plugins PYTHONPATH=/home/jr/ros2_ws/build/my_py_pkg:${PYTHONPATH} /usr/bin/cmake --build /home/jr/ros2_ws/build/my_robot_bringup -- -j6 -l6
[1.359s] DEBUG:colcon.colcon_core.event_handler.log_command:Invoking command in '/home/jr/ros2_ws/build/my_robot_bringup': CMAKE_PREFIX_PATH=${CMAKE_PREFIX_PATH}:/home/jr/ros2_ws/install/my_py_pkg:/opt/ros/humble LD_LIBRARY_PATH=/home/jr/ros2_ws/install/my_robot_interfaces/lib:/usr/lib/x86_64-linux-gnu/gazebo-11/plugins:/opt/ros/humble/opt/rviz_ogre_vendor/lib:/opt/ros/humble/lib/x86_64-linux-gnu:/opt/ros/humble/lib:/usr/share/gazebo/../../lib/x86_64-linux-gnu/gazebo-11/plugins PYTHONPATH=/home/jr/ros2_ws/build/my_py_pkg:${PYTHONPATH} /usr/bin/cmake --install /home/jr/ros2_ws/build/my_robot_bringup
[1.402s] Level 1:colcon.colcon_core.environment:create_environment_scripts_only(my_robot_bringup)
[1.403s] DEBUG:colcon.colcon_core.event_handler.log_command:Invoked command in '/home/jr/ros2_ws/build/my_robot_bringup' returned '0': CMAKE_PREFIX_PATH=${CMAKE_PREFIX_PATH}:/home/jr/ros2_ws/install/my_py_pkg:/opt/ros/humble LD_LIBRARY_PATH=/home/jr/ros2_ws/install/my_robot_interfaces/lib:/usr/lib/x86_64-linux-gnu/gazebo-11/plugins:/opt/ros/humble/opt/rviz_ogre_vendor/lib:/opt/ros/humble/lib/x86_64-linux-gnu:/opt/ros/humble/lib:/usr/share/gazebo/../../lib/x86_64-linux-gnu/gazebo-11/plugins PYTHONPATH=/home/jr/ros2_ws/build/my_py_pkg:${PYTHONPATH} /usr/bin/cmake --install /home/jr/ros2_ws/build/my_robot_bringup
[1.406s] Level 1:colcon.colcon_core.environment:checking '/home/jr/ros2_ws/install/my_robot_bringup' for CMake module files
[1.407s] Level 1:colcon.colcon_core.environment:checking '/home/jr/ros2_ws/install/my_robot_bringup' for CMake config files
[1.408s] Level 1:colcon.colcon_core.shell:create_environment_hook('my_robot_bringup', 'cmake_prefix_path')
[1.408s] INFO:colcon.colcon_core.shell:Creating environment hook '/home/jr/ros2_ws/install/my_robot_bringup/share/my_robot_bringup/hook/cmake_prefix_path.ps1'
[1.410s] INFO:colcon.colcon_core.shell:Creating environment descriptor '/home/jr/ros2_ws/install/my_robot_bringup/share/my_robot_bringup/hook/cmake_prefix_path.dsv'
[1.410s] INFO:colcon.colcon_core.shell:Creating environment hook '/home/jr/ros2_ws/install/my_robot_bringup/share/my_robot_bringup/hook/cmake_prefix_path.sh'
[1.412s] Level 1:colcon.colcon_core.environment:checking '/home/jr/ros2_ws/install/my_robot_bringup/bin'
[1.412s] Level 1:colcon.colcon_core.environment:checking '/home/jr/ros2_ws/install/my_robot_bringup/lib/pkgconfig/my_robot_bringup.pc'
[1.412s] Level 1:colcon.colcon_core.environment:checking '/home/jr/ros2_ws/install/my_robot_bringup/lib/python3.10/site-packages'
[1.413s] Level 1:colcon.colcon_core.environment:checking '/home/jr/ros2_ws/install/my_robot_bringup/bin'
[1.413s] INFO:colcon.colcon_core.shell:Creating package script '/home/jr/ros2_ws/install/my_robot_bringup/share/my_robot_bringup/package.ps1'
[1.415s] INFO:colcon.colcon_core.shell:Creating package descriptor '/home/jr/ros2_ws/install/my_robot_bringup/share/my_robot_bringup/package.dsv'
[1.416s] INFO:colcon.colcon_core.shell:Creating package script '/home/jr/ros2_ws/install/my_robot_bringup/share/my_robot_bringup/package.sh'
[1.417s] INFO:colcon.colcon_core.shell:Creating package script '/home/jr/ros2_ws/install/my_robot_bringup/share/my_robot_bringup/package.bash'
[1.419s] INFO:colcon.colcon_core.shell:Creating package script '/home/jr/ros2_ws/install/my_robot_bringup/share/my_robot_bringup/package.zsh'
[1.420s] Level 1:colcon.colcon_core.environment:create_file_with_runtime_dependencies(/home/jr/ros2_ws/install/my_robot_bringup/share/colcon-core/packages/my_robot_bringup)
[1.452s] Level 1:colcon.colcon_core.environment:create_environment_scripts_only(my_robot_bringup)
[1.452s] Level 1:colcon.colcon_core.environment:checking '/home/jr/ros2_ws/install/my_robot_bringup' for CMake module files
[1.453s] Level 1:colcon.colcon_core.environment:checking '/home/jr/ros2_ws/install/my_robot_bringup' for CMake config files
[1.453s] Level 1:colcon.colcon_core.shell:create_environment_hook('my_robot_bringup', 'cmake_prefix_path')
[1.454s] INFO:colcon.colcon_core.shell:Creating environment hook '/home/jr/ros2_ws/install/my_robot_bringup/share/my_robot_bringup/hook/cmake_prefix_path.ps1'
[1.455s] INFO:colcon.colcon_core.shell:Creating environment descriptor '/home/jr/ros2_ws/install/my_robot_bringup/share/my_robot_bringup/hook/cmake_prefix_path.dsv'
[1.455s] INFO:colcon.colcon_core.shell:Creating environment hook '/home/jr/ros2_ws/install/my_robot_bringup/share/my_robot_bringup/hook/cmake_prefix_path.sh'
[1.456s] Level 1:colcon.colcon_core.environment:checking '/home/jr/ros2_ws/install/my_robot_bringup/bin'
[1.456s] Level 1:colcon.colcon_core.environment:checking '/home/jr/ros2_ws/install/my_robot_bringup/lib/pkgconfig/my_robot_bringup.pc'
[1.456s] Level 1:colcon.colcon_core.environment:checking '/home/jr/ros2_ws/install/my_robot_bringup/lib/python3.10/site-packages'
[1.457s] Level 1:colcon.colcon_core.environment:checking '/home/jr/ros2_ws/install/my_robot_bringup/bin'
[1.457s] INFO:colcon.colcon_core.shell:Creating package script '/home/jr/ros2_ws/install/my_robot_bringup/share/my_robot_bringup/package.ps1'
[1.458s] INFO:colcon.colcon_core.shell:Creating package descriptor '/home/jr/ros2_ws/install/my_robot_bringup/share/my_robot_bringup/package.dsv'
[1.459s] INFO:colcon.colcon_core.shell:Creating package script '/home/jr/ros2_ws/install/my_robot_bringup/share/my_robot_bringup/package.sh'
[1.460s] INFO:colcon.colcon_core.shell:Creating package script '/home/jr/ros2_ws/install/my_robot_bringup/share/my_robot_bringup/package.bash'
[1.461s] INFO:colcon.colcon_core.shell:Creating package script '/home/jr/ros2_ws/install/my_robot_bringup/share/my_robot_bringup/package.zsh'
[1.462s] Level 1:colcon.colcon_core.environment:create_file_with_runtime_dependencies(/home/jr/ros2_ws/install/my_robot_bringup/share/colcon-core/packages/my_robot_bringup)
[1.463s] DEBUG:colcon.colcon_parallel_executor.executor.parallel:closing loop
[1.464s] DEBUG:colcon.colcon_parallel_executor.executor.parallel:loop closed
[1.464s] DEBUG:colcon.colcon_parallel_executor.executor.parallel:run_until_complete finished with '0'
[1.464s] DEBUG:colcon.colcon_core.event_reactor:joining thread
[1.476s] INFO:colcon.colcon_core.plugin_system:Skipping extension 'colcon_notification.desktop_notification.terminal_notifier': Not used on non-Darwin systems
[1.476s] INFO:colcon.colcon_core.plugin_system:Skipping extension 'colcon_notification.desktop_notification.win32': Not used on non-Windows systems
[1.476s] INFO:colcon.colcon_notification.desktop_notification:Sending desktop notification using 'notify2'
[1.500s] DEBUG:colcon.colcon_core.event_reactor:joined thread
[1.501s] INFO:colcon.colcon_core.shell:Creating prefix script '/home/jr/ros2_ws/install/local_setup.ps1'
[1.503s] INFO:colcon.colcon_core.shell:Creating prefix util module '/home/jr/ros2_ws/install/_local_setup_util_ps1.py'
[1.507s] INFO:colcon.colcon_core.shell:Creating prefix chain script '/home/jr/ros2_ws/install/setup.ps1'
[1.512s] INFO:colcon.colcon_core.shell:Creating prefix script '/home/jr/ros2_ws/install/local_setup.sh'
[1.515s] INFO:colcon.colcon_core.shell:Creating prefix util module '/home/jr/ros2_ws/install/_local_setup_util_sh.py'
[1.516s] INFO:colcon.colcon_core.shell:Creating prefix chain script '/home/jr/ros2_ws/install/setup.sh'
[1.518s] INFO:colcon.colcon_core.shell:Creating prefix script '/home/jr/ros2_ws/install/local_setup.bash'
[1.520s] INFO:colcon.colcon_core.shell:Creating prefix chain script '/home/jr/ros2_ws/install/setup.bash'
[1.524s] INFO:colcon.colcon_core.shell:Creating prefix script '/home/jr/ros2_ws/install/local_setup.zsh'
[1.526s] INFO:colcon.colcon_core.shell:Creating prefix chain script '/home/jr/ros2_ws/install/setup.zsh'
