[0.213s] DEBUG:colcon:Command line arguments: ['/usr/bin/colcon', 'build', '--packages-select', 'my_robot_bringup']
[0.213s] DEBUG:colcon:Parsed command line arguments: Namespace(log_base=None, log_level=None, verb_name='build', build_base='build', install_base='install', merge_install=False, symlink_install=False, test_result_base=None, continue_on_error=False, executor='parallel', parallel_workers=6, event_handlers=None, ignore_user_meta=False, metas=['./colcon.meta'], base_paths=['.'], packages_ignore=None, packages_ignore_regex=None, paths=None, packages_up_to=None, packages_up_to_regex=None, packages_above=None, packages_above_and_dependencies=None, packages_above_depth=None, packages_select_by_dep=None, packages_skip_by_dep=None, packages_skip_up_to=None, packages_select_build_failed=False, packages_skip_build_finished=False, packages_select_test_failures=False, packages_skip_test_passed=False, packages_select=['my_robot_bringup'], packages_skip=None, packages_select_regex=None, packages_skip_regex=None, packages_start=None, packages_end=None, allow_overriding=[], cmake_args=None, cmake_target=None, cmake_target_skip_unavailable=False, cmake_clean_cache=False, cmake_clean_first=False, cmake_force_configure=False, ament_cmake_args=None, catkin_cmake_args=None, catkin_skip_building_tests=False, mixin_files=None, mixin=None, verb_parser=<colcon_mixin.mixin.mixin_argument.MixinArgumentDecorator object at 0x78847b62f370>, verb_extension=<colcon_core.verb.build.BuildVerb object at 0x78847b62eda0>, main=<bound method BuildVerb.main of <colcon_core.verb.build.BuildVerb object at 0x78847b62eda0>>, mixin_verb=('build',))
[0.595s] Level 1:colcon.colcon_core.package_discovery:discover_packages(colcon_meta) check parameters
[0.596s] Level 1:colcon.colcon_core.package_discovery:discover_packages(recursive) check parameters
[0.596s] Level 1:colcon.colcon_core.package_discovery:discover_packages(ignore) check parameters
[0.596s] Level 1:colcon.colcon_core.package_discovery:discover_packages(path) check parameters
[0.596s] Level 1:colcon.colcon_core.package_discovery:discover_packages(colcon_meta) discover
[0.596s] Level 1:colcon.colcon_core.package_discovery:discover_packages(recursive) discover
[0.596s] INFO:colcon.colcon_core.package_discovery:Crawling recursively for packages in '/home/jr/ros2_ws'
[0.596s] Level 1:colcon.colcon_core.package_identification:_identify(.) by extensions ['ignore', 'ignore_ament_install']
[0.596s] Level 1:colcon.colcon_core.package_identification:_identify(.) by extension 'ignore'
[0.596s] Level 1:colcon.colcon_core.package_identification:_identify(.) by extension 'ignore_ament_install'
[0.596s] Level 1:colcon.colcon_core.package_identification:_identify(.) by extensions ['colcon_pkg']
[0.596s] Level 1:colcon.colcon_core.package_identification:_identify(.) by extension 'colcon_pkg'
[0.597s] Level 1:colcon.colcon_core.package_identification:_identify(.) by extensions ['colcon_meta']
[0.597s] Level 1:colcon.colcon_core.package_identification:_identify(.) by extension 'colcon_meta'
[0.597s] Level 1:colcon.colcon_core.package_identification:_identify(.) by extensions ['ros']
[0.597s] Level 1:colcon.colcon_core.package_identification:_identify(.) by extension 'ros'
[0.631s] Level 1:colcon.colcon_core.package_identification:_identify(.) by extensions ['cmake', 'python']
[0.631s] Level 1:colcon.colcon_core.package_identification:_identify(.) by extension 'cmake'
[0.631s] Level 1:colcon.colcon_core.package_identification:_identify(.) by extension 'python'
[0.631s] Level 1:colcon.colcon_core.package_identification:_identify(.) by extensions ['python_setup_py']
[0.631s] Level 1:colcon.colcon_core.package_identification:_identify(.) by extension 'python_setup_py'
[0.632s] Level 1:colcon.colcon_core.package_identification:_identify(build) by extensions ['ignore', 'ignore_ament_install']
[0.632s] Level 1:colcon.colcon_core.package_identification:_identify(build) by extension 'ignore'
[0.632s] Level 1:colcon.colcon_core.package_identification:_identify(build) ignored
[0.632s] Level 1:colcon.colcon_core.package_identification:_identify(install) by extensions ['ignore', 'ignore_ament_install']
[0.632s] Level 1:colcon.colcon_core.package_identification:_identify(install) by extension 'ignore'
[0.632s] Level 1:colcon.colcon_core.package_identification:_identify(install) ignored
[0.632s] Level 1:colcon.colcon_core.package_identification:_identify(log) by extensions ['ignore', 'ignore_ament_install']
[0.633s] Level 1:colcon.colcon_core.package_identification:_identify(log) by extension 'ignore'
[0.633s] Level 1:colcon.colcon_core.package_identification:_identify(log) ignored
[0.633s] Level 1:colcon.colcon_core.package_identification:_identify(src) by extensions ['ignore', 'ignore_ament_install']
[0.633s] Level 1:colcon.colcon_core.package_identification:_identify(src) by extension 'ignore'
[0.633s] Level 1:colcon.colcon_core.package_identification:_identify(src) by extension 'ignore_ament_install'
[0.633s] Level 1:colcon.colcon_core.package_identification:_identify(src) by extensions ['colcon_pkg']
[0.633s] Level 1:colcon.colcon_core.package_identification:_identify(src) by extension 'colcon_pkg'
[0.633s] Level 1:colcon.colcon_core.package_identification:_identify(src) by extensions ['colcon_meta']
[0.633s] Level 1:colcon.colcon_core.package_identification:_identify(src) by extension 'colcon_meta'
[0.633s] Level 1:colcon.colcon_core.package_identification:_identify(src) by extensions ['ros']
[0.634s] Level 1:colcon.colcon_core.package_identification:_identify(src) by extension 'ros'
[0.634s] Level 1:colcon.colcon_core.package_identification:_identify(src) by extensions ['cmake', 'python']
[0.634s] Level 1:colcon.colcon_core.package_identification:_identify(src) by extension 'cmake'
[0.634s] Level 1:colcon.colcon_core.package_identification:_identify(src) by extension 'python'
[0.634s] Level 1:colcon.colcon_core.package_identification:_identify(src) by extensions ['python_setup_py']
[0.634s] Level 1:colcon.colcon_core.package_identification:_identify(src) by extension 'python_setup_py'
[0.634s] Level 1:colcon.colcon_core.package_identification:_identify(src/my_mvsim_pkg) by extensions ['ignore', 'ignore_ament_install']
[0.634s] Level 1:colcon.colcon_core.package_identification:_identify(src/my_mvsim_pkg) by extension 'ignore'
[0.634s] Level 1:colcon.colcon_core.package_identification:_identify(src/my_mvsim_pkg) by extension 'ignore_ament_install'
[0.634s] Level 1:colcon.colcon_core.package_identification:_identify(src/my_mvsim_pkg) by extensions ['colcon_pkg']
[0.634s] Level 1:colcon.colcon_core.package_identification:_identify(src/my_mvsim_pkg) by extension 'colcon_pkg'
[0.634s] Level 1:colcon.colcon_core.package_identification:_identify(src/my_mvsim_pkg) by extensions ['colcon_meta']
[0.634s] Level 1:colcon.colcon_core.package_identification:_identify(src/my_mvsim_pkg) by extension 'colcon_meta'
[0.635s] Level 1:colcon.colcon_core.package_identification:_identify(src/my_mvsim_pkg) by extensions ['ros']
[0.635s] Level 1:colcon.colcon_core.package_identification:_identify(src/my_mvsim_pkg) by extension 'ros'
[0.638s] DEBUG:colcon.colcon_core.package_identification:Package 'src/my_mvsim_pkg' with type 'ros.ament_cmake' and name 'my_mvsim_pkg'
[0.639s] Level 1:colcon.colcon_core.package_identification:_identify(src/my_py_pkg) by extensions ['ignore', 'ignore_ament_install']
[0.639s] Level 1:colcon.colcon_core.package_identification:_identify(src/my_py_pkg) by extension 'ignore'
[0.639s] Level 1:colcon.colcon_core.package_identification:_identify(src/my_py_pkg) by extension 'ignore_ament_install'
[0.639s] Level 1:colcon.colcon_core.package_identification:_identify(src/my_py_pkg) by extensions ['colcon_pkg']
[0.639s] Level 1:colcon.colcon_core.package_identification:_identify(src/my_py_pkg) by extension 'colcon_pkg'
[0.639s] Level 1:colcon.colcon_core.package_identification:_identify(src/my_py_pkg) by extensions ['colcon_meta']
[0.639s] Level 1:colcon.colcon_core.package_identification:_identify(src/my_py_pkg) by extension 'colcon_meta'
[0.639s] Level 1:colcon.colcon_core.package_identification:_identify(src/my_py_pkg) by extensions ['ros']
[0.639s] Level 1:colcon.colcon_core.package_identification:_identify(src/my_py_pkg) by extension 'ros'
[0.641s] DEBUG:colcon.colcon_core.package_identification:Package 'src/my_py_pkg' with type 'ros.ament_python' and name 'my_py_pkg'
[0.641s] Level 1:colcon.colcon_core.package_identification:_identify(src/my_robot_bringup) by extensions ['ignore', 'ignore_ament_install']
[0.641s] Level 1:colcon.colcon_core.package_identification:_identify(src/my_robot_bringup) by extension 'ignore'
[0.641s] Level 1:colcon.colcon_core.package_identification:_identify(src/my_robot_bringup) by extension 'ignore_ament_install'
[0.641s] Level 1:colcon.colcon_core.package_identification:_identify(src/my_robot_bringup) by extensions ['colcon_pkg']
[0.641s] Level 1:colcon.colcon_core.package_identification:_identify(src/my_robot_bringup) by extension 'colcon_pkg'
[0.641s] Level 1:colcon.colcon_core.package_identification:_identify(src/my_robot_bringup) by extensions ['colcon_meta']
[0.641s] Level 1:colcon.colcon_core.package_identification:_identify(src/my_robot_bringup) by extension 'colcon_meta'
[0.641s] Level 1:colcon.colcon_core.package_identification:_identify(src/my_robot_bringup) by extensions ['ros']
[0.642s] Level 1:colcon.colcon_core.package_identification:_identify(src/my_robot_bringup) by extension 'ros'
[0.642s] DEBUG:colcon.colcon_core.package_identification:Package 'src/my_robot_bringup' with type 'ros.ament_cmake' and name 'my_robot_bringup'
[0.643s] Level 1:colcon.colcon_core.package_identification:_identify(src/my_robot_interfaces) by extensions ['ignore', 'ignore_ament_install']
[0.643s] Level 1:colcon.colcon_core.package_identification:_identify(src/my_robot_interfaces) by extension 'ignore'
[0.643s] Level 1:colcon.colcon_core.package_identification:_identify(src/my_robot_interfaces) by extension 'ignore_ament_install'
[0.643s] Level 1:colcon.colcon_core.package_identification:_identify(src/my_robot_interfaces) by extensions ['colcon_pkg']
[0.643s] Level 1:colcon.colcon_core.package_identification:_identify(src/my_robot_interfaces) by extension 'colcon_pkg'
[0.643s] Level 1:colcon.colcon_core.package_identification:_identify(src/my_robot_interfaces) by extensions ['colcon_meta']
[0.643s] Level 1:colcon.colcon_core.package_identification:_identify(src/my_robot_interfaces) by extension 'colcon_meta'
[0.643s] Level 1:colcon.colcon_core.package_identification:_identify(src/my_robot_interfaces) by extensions ['ros']
[0.643s] Level 1:colcon.colcon_core.package_identification:_identify(src/my_robot_interfaces) by extension 'ros'
[0.644s] DEBUG:colcon.colcon_core.package_identification:Package 'src/my_robot_interfaces' with type 'ros.ament_cmake' and name 'my_robot_interfaces'
[0.644s] Level 1:colcon.colcon_core.package_discovery:discover_packages(recursive) using defaults
[0.644s] Level 1:colcon.colcon_core.package_discovery:discover_packages(ignore) discover
[0.644s] Level 1:colcon.colcon_core.package_discovery:discover_packages(ignore) using defaults
[0.644s] Level 1:colcon.colcon_core.package_discovery:discover_packages(path) discover
[0.645s] Level 1:colcon.colcon_core.package_discovery:discover_packages(path) using defaults
[0.682s] INFO:colcon.colcon_core.package_selection:Skipping not selected package 'my_mvsim_pkg' in 'src/my_mvsim_pkg'
[0.682s] INFO:colcon.colcon_core.package_selection:Skipping not selected package 'my_robot_interfaces' in 'src/my_robot_interfaces'
[0.682s] INFO:colcon.colcon_core.package_selection:Skipping not selected package 'my_py_pkg' in 'src/my_py_pkg'
[0.683s] Level 1:colcon.colcon_core.package_discovery:discover_packages(prefix_path) check parameters
[0.683s] Level 1:colcon.colcon_core.package_discovery:discover_packages(prefix_path) discover
[0.686s] DEBUG:colcon.colcon_installed_package_information.package_discovery:Found 4 installed packages in /home/jr/ros2_ws/install
[0.689s] DEBUG:colcon.colcon_installed_package_information.package_discovery:Found 329 installed packages in /opt/ros/humble
[0.694s] Level 1:colcon.colcon_core.package_discovery:discover_packages(prefix_path) using defaults
[0.785s] Level 5:colcon.colcon_core.verb:set package 'my_robot_bringup' build argument 'cmake_args' from command line to 'None'
[0.785s] Level 5:colcon.colcon_core.verb:set package 'my_robot_bringup' build argument 'cmake_target' from command line to 'None'
[0.785s] Level 5:colcon.colcon_core.verb:set package 'my_robot_bringup' build argument 'cmake_target_skip_unavailable' from command line to 'False'
[0.785s] Level 5:colcon.colcon_core.verb:set package 'my_robot_bringup' build argument 'cmake_clean_cache' from command line to 'False'
[0.785s] Level 5:colcon.colcon_core.verb:set package 'my_robot_bringup' build argument 'cmake_clean_first' from command line to 'False'
[0.785s] Level 5:colcon.colcon_core.verb:set package 'my_robot_bringup' build argument 'cmake_force_configure' from command line to 'False'
[0.785s] Level 5:colcon.colcon_core.verb:set package 'my_robot_bringup' build argument 'ament_cmake_args' from command line to 'None'
[0.785s] Level 5:colcon.colcon_core.verb:set package 'my_robot_bringup' build argument 'catkin_cmake_args' from command line to 'None'
[0.786s] Level 5:colcon.colcon_core.verb:set package 'my_robot_bringup' build argument 'catkin_skip_building_tests' from command line to 'False'
[0.786s] DEBUG:colcon.colcon_core.verb:Building package 'my_robot_bringup' with the following arguments: {'ament_cmake_args': None, 'build_base': '/home/jr/ros2_ws/build/my_robot_bringup', 'catkin_cmake_args': None, 'catkin_skip_building_tests': False, 'cmake_args': None, 'cmake_clean_cache': False, 'cmake_clean_first': False, 'cmake_force_configure': False, 'cmake_target': None, 'cmake_target_skip_unavailable': False, 'install_base': '/home/jr/ros2_ws/install/my_robot_bringup', 'merge_install': False, 'path': '/home/jr/ros2_ws/src/my_robot_bringup', 'symlink_install': False, 'test_result_base': None}
[0.786s] INFO:colcon.colcon_core.executor:Executing jobs using 'parallel' executor
[0.788s] DEBUG:colcon.colcon_parallel_executor.executor.parallel:run_until_complete
[0.788s] INFO:colcon.colcon_ros.task.ament_cmake.build:Building ROS package in '/home/jr/ros2_ws/src/my_robot_bringup' with build type 'ament_cmake'
[0.788s] INFO:colcon.colcon_cmake.task.cmake.build:Building CMake package in '/home/jr/ros2_ws/src/my_robot_bringup'
[0.792s] INFO:colcon.colcon_core.plugin_system:Skipping extension 'colcon_core.shell.bat': Not used on non-Windows systems
[0.792s] INFO:colcon.colcon_core.shell:Skip shell extension 'powershell' for command environment: Not usable outside of PowerShell
[0.792s] DEBUG:colcon.colcon_core.shell:Skip shell extension 'dsv' for command environment
[0.818s] DEBUG:colcon.colcon_core.event_handler.log_command:Invoking command in '/home/jr/ros2_ws/build/my_robot_bringup': AMENT_PREFIX_PATH=/home/jr/ros2_ws/install/my_py_pkg:/home/jr/ros2_ws/install/my_robot_bringup:/home/jr/ros2_ws/install/my_robot_interfaces:/opt/ros/humble CMAKE_PREFIX_PATH=/home/jr/ros2_ws/install/my_robot_interfaces:/home/jr/ros2_ws/install/my_robot_bringup:/home/jr/ros2_ws/install/my_py_pkg:/opt/ros/humble LD_LIBRARY_PATH=/home/jr/ros2_ws/install/my_robot_interfaces/lib:/usr/lib/x86_64-linux-gnu/gazebo-11/plugins:/opt/ros/humble/opt/rviz_ogre_vendor/lib:/opt/ros/humble/lib/x86_64-linux-gnu:/opt/ros/humble/lib:/usr/share/gazebo/../../lib/x86_64-linux-gnu/gazebo-11/plugins:/usr/share/gazebo/../../lib/x86_64-linux-gnu/gazebo-11/plugins:/usr/share/gazebo/../../lib/x86_64-linux-gnu/gazebo-11/plugins /usr/bin/cmake --build /home/jr/ros2_ws/build/my_robot_bringup -- -j6 -l6
[0.883s] DEBUG:colcon.colcon_core.event_handler.log_command:Invoked command in '/home/jr/ros2_ws/build/my_robot_bringup' returned '0': AMENT_PREFIX_PATH=/home/jr/ros2_ws/install/my_py_pkg:/home/jr/ros2_ws/install/my_robot_bringup:/home/jr/ros2_ws/install/my_robot_interfaces:/opt/ros/humble CMAKE_PREFIX_PATH=/home/jr/ros2_ws/install/my_robot_interfaces:/home/jr/ros2_ws/install/my_robot_bringup:/home/jr/ros2_ws/install/my_py_pkg:/opt/ros/humble LD_LIBRARY_PATH=/home/jr/ros2_ws/install/my_robot_interfaces/lib:/usr/lib/x86_64-linux-gnu/gazebo-11/plugins:/opt/ros/humble/opt/rviz_ogre_vendor/lib:/opt/ros/humble/lib/x86_64-linux-gnu:/opt/ros/humble/lib:/usr/share/gazebo/../../lib/x86_64-linux-gnu/gazebo-11/plugins:/usr/share/gazebo/../../lib/x86_64-linux-gnu/gazebo-11/plugins:/usr/share/gazebo/../../lib/x86_64-linux-gnu/gazebo-11/plugins /usr/bin/cmake --build /home/jr/ros2_ws/build/my_robot_bringup -- -j6 -l6
[0.939s] DEBUG:colcon.colcon_core.event_handler.log_command:Invoking command in '/home/jr/ros2_ws/build/my_robot_bringup': AMENT_PREFIX_PATH=/home/jr/ros2_ws/install/my_py_pkg:/home/jr/ros2_ws/install/my_robot_bringup:/home/jr/ros2_ws/install/my_robot_interfaces:/opt/ros/humble CMAKE_PREFIX_PATH=/home/jr/ros2_ws/install/my_robot_interfaces:/home/jr/ros2_ws/install/my_robot_bringup:/home/jr/ros2_ws/install/my_py_pkg:/opt/ros/humble LD_LIBRARY_PATH=/home/jr/ros2_ws/install/my_robot_interfaces/lib:/usr/lib/x86_64-linux-gnu/gazebo-11/plugins:/opt/ros/humble/opt/rviz_ogre_vendor/lib:/opt/ros/humble/lib/x86_64-linux-gnu:/opt/ros/humble/lib:/usr/share/gazebo/../../lib/x86_64-linux-gnu/gazebo-11/plugins:/usr/share/gazebo/../../lib/x86_64-linux-gnu/gazebo-11/plugins:/usr/share/gazebo/../../lib/x86_64-linux-gnu/gazebo-11/plugins /usr/bin/cmake --install /home/jr/ros2_ws/build/my_robot_bringup
[0.989s] Level 1:colcon.colcon_core.environment:create_environment_scripts_only(my_robot_bringup)
[0.991s] DEBUG:colcon.colcon_core.event_handler.log_command:Invoked command in '/home/jr/ros2_ws/build/my_robot_bringup' returned '0': AMENT_PREFIX_PATH=/home/jr/ros2_ws/install/my_py_pkg:/home/jr/ros2_ws/install/my_robot_bringup:/home/jr/ros2_ws/install/my_robot_interfaces:/opt/ros/humble CMAKE_PREFIX_PATH=/home/jr/ros2_ws/install/my_robot_interfaces:/home/jr/ros2_ws/install/my_robot_bringup:/home/jr/ros2_ws/install/my_py_pkg:/opt/ros/humble LD_LIBRARY_PATH=/home/jr/ros2_ws/install/my_robot_interfaces/lib:/usr/lib/x86_64-linux-gnu/gazebo-11/plugins:/opt/ros/humble/opt/rviz_ogre_vendor/lib:/opt/ros/humble/lib/x86_64-linux-gnu:/opt/ros/humble/lib:/usr/share/gazebo/../../lib/x86_64-linux-gnu/gazebo-11/plugins:/usr/share/gazebo/../../lib/x86_64-linux-gnu/gazebo-11/plugins:/usr/share/gazebo/../../lib/x86_64-linux-gnu/gazebo-11/plugins /usr/bin/cmake --install /home/jr/ros2_ws/build/my_robot_bringup
[0.994s] Level 1:colcon.colcon_core.environment:checking '/home/jr/ros2_ws/install/my_robot_bringup' for CMake module files
[0.995s] Level 1:colcon.colcon_core.environment:checking '/home/jr/ros2_ws/install/my_robot_bringup' for CMake config files
[0.995s] Level 1:colcon.colcon_core.shell:create_environment_hook('my_robot_bringup', 'cmake_prefix_path')
[0.996s] INFO:colcon.colcon_core.shell:Creating environment hook '/home/jr/ros2_ws/install/my_robot_bringup/share/my_robot_bringup/hook/cmake_prefix_path.ps1'
[0.997s] INFO:colcon.colcon_core.shell:Creating environment descriptor '/home/jr/ros2_ws/install/my_robot_bringup/share/my_robot_bringup/hook/cmake_prefix_path.dsv'
[0.997s] INFO:colcon.colcon_core.shell:Creating environment hook '/home/jr/ros2_ws/install/my_robot_bringup/share/my_robot_bringup/hook/cmake_prefix_path.sh'
[0.999s] Level 1:colcon.colcon_core.environment:checking '/home/jr/ros2_ws/install/my_robot_bringup/bin'
[0.999s] Level 1:colcon.colcon_core.environment:checking '/home/jr/ros2_ws/install/my_robot_bringup/lib/pkgconfig/my_robot_bringup.pc'
[1.000s] Level 1:colcon.colcon_core.environment:checking '/home/jr/ros2_ws/install/my_robot_bringup/lib/python3.10/site-packages'
[1.000s] Level 1:colcon.colcon_core.environment:checking '/home/jr/ros2_ws/install/my_robot_bringup/bin'
[1.001s] INFO:colcon.colcon_core.shell:Creating package script '/home/jr/ros2_ws/install/my_robot_bringup/share/my_robot_bringup/package.ps1'
[1.002s] INFO:colcon.colcon_core.shell:Creating package descriptor '/home/jr/ros2_ws/install/my_robot_bringup/share/my_robot_bringup/package.dsv'
[1.003s] INFO:colcon.colcon_core.shell:Creating package script '/home/jr/ros2_ws/install/my_robot_bringup/share/my_robot_bringup/package.sh'
[1.005s] INFO:colcon.colcon_core.shell:Creating package script '/home/jr/ros2_ws/install/my_robot_bringup/share/my_robot_bringup/package.bash'
[1.007s] INFO:colcon.colcon_core.shell:Creating package script '/home/jr/ros2_ws/install/my_robot_bringup/share/my_robot_bringup/package.zsh'
[1.008s] Level 1:colcon.colcon_core.environment:create_file_with_runtime_dependencies(/home/jr/ros2_ws/install/my_robot_bringup/share/colcon-core/packages/my_robot_bringup)
[1.049s] Level 1:colcon.colcon_core.environment:create_environment_scripts_only(my_robot_bringup)
[1.049s] Level 1:colcon.colcon_core.environment:checking '/home/jr/ros2_ws/install/my_robot_bringup' for CMake module files
[1.050s] Level 1:colcon.colcon_core.environment:checking '/home/jr/ros2_ws/install/my_robot_bringup' for CMake config files
[1.052s] Level 1:colcon.colcon_core.shell:create_environment_hook('my_robot_bringup', 'cmake_prefix_path')
[1.053s] INFO:colcon.colcon_core.shell:Creating environment hook '/home/jr/ros2_ws/install/my_robot_bringup/share/my_robot_bringup/hook/cmake_prefix_path.ps1'
[1.054s] INFO:colcon.colcon_core.shell:Creating environment descriptor '/home/jr/ros2_ws/install/my_robot_bringup/share/my_robot_bringup/hook/cmake_prefix_path.dsv'
[1.055s] INFO:colcon.colcon_core.shell:Creating environment hook '/home/jr/ros2_ws/install/my_robot_bringup/share/my_robot_bringup/hook/cmake_prefix_path.sh'
[1.055s] Level 1:colcon.colcon_core.environment:checking '/home/jr/ros2_ws/install/my_robot_bringup/bin'
[1.055s] Level 1:colcon.colcon_core.environment:checking '/home/jr/ros2_ws/install/my_robot_bringup/lib/pkgconfig/my_robot_bringup.pc'
[1.056s] Level 1:colcon.colcon_core.environment:checking '/home/jr/ros2_ws/install/my_robot_bringup/lib/python3.10/site-packages'
[1.056s] Level 1:colcon.colcon_core.environment:checking '/home/jr/ros2_ws/install/my_robot_bringup/bin'
[1.057s] INFO:colcon.colcon_core.shell:Creating package script '/home/jr/ros2_ws/install/my_robot_bringup/share/my_robot_bringup/package.ps1'
[1.058s] INFO:colcon.colcon_core.shell:Creating package descriptor '/home/jr/ros2_ws/install/my_robot_bringup/share/my_robot_bringup/package.dsv'
[1.059s] INFO:colcon.colcon_core.shell:Creating package script '/home/jr/ros2_ws/install/my_robot_bringup/share/my_robot_bringup/package.sh'
[1.059s] INFO:colcon.colcon_core.shell:Creating package script '/home/jr/ros2_ws/install/my_robot_bringup/share/my_robot_bringup/package.bash'
[1.060s] INFO:colcon.colcon_core.shell:Creating package script '/home/jr/ros2_ws/install/my_robot_bringup/share/my_robot_bringup/package.zsh'
[1.061s] Level 1:colcon.colcon_core.environment:create_file_with_runtime_dependencies(/home/jr/ros2_ws/install/my_robot_bringup/share/colcon-core/packages/my_robot_bringup)
[1.062s] DEBUG:colcon.colcon_parallel_executor.executor.parallel:closing loop
[1.062s] DEBUG:colcon.colcon_parallel_executor.executor.parallel:loop closed
[1.062s] DEBUG:colcon.colcon_parallel_executor.executor.parallel:run_until_complete finished with '0'
[1.062s] DEBUG:colcon.colcon_core.event_reactor:joining thread
[1.070s] INFO:colcon.colcon_core.plugin_system:Skipping extension 'colcon_notification.desktop_notification.terminal_notifier': Not used on non-Darwin systems
[1.070s] INFO:colcon.colcon_core.plugin_system:Skipping extension 'colcon_notification.desktop_notification.win32': Not used on non-Windows systems
[1.071s] INFO:colcon.colcon_notification.desktop_notification:Sending desktop notification using 'notify2'
[1.088s] DEBUG:colcon.colcon_core.event_reactor:joined thread
[1.089s] INFO:colcon.colcon_core.shell:Creating prefix script '/home/jr/ros2_ws/install/local_setup.ps1'
[1.091s] INFO:colcon.colcon_core.shell:Creating prefix util module '/home/jr/ros2_ws/install/_local_setup_util_ps1.py'
[1.096s] INFO:colcon.colcon_core.shell:Creating prefix chain script '/home/jr/ros2_ws/install/setup.ps1'
[1.099s] INFO:colcon.colcon_core.shell:Creating prefix script '/home/jr/ros2_ws/install/local_setup.sh'
[1.101s] INFO:colcon.colcon_core.shell:Creating prefix util module '/home/jr/ros2_ws/install/_local_setup_util_sh.py'
[1.103s] INFO:colcon.colcon_core.shell:Creating prefix chain script '/home/jr/ros2_ws/install/setup.sh'
[1.106s] INFO:colcon.colcon_core.shell:Creating prefix script '/home/jr/ros2_ws/install/local_setup.bash'
[1.108s] INFO:colcon.colcon_core.shell:Creating prefix chain script '/home/jr/ros2_ws/install/setup.bash'
[1.113s] INFO:colcon.colcon_core.shell:Creating prefix script '/home/jr/ros2_ws/install/local_setup.zsh'
[1.115s] INFO:colcon.colcon_core.shell:Creating prefix chain script '/home/jr/ros2_ws/install/setup.zsh'
