[2.432s] Invoking command in '/home/jr/ros2_ws/src/my_py_pkg': PYTHONPATH=/home/jr/ros2_ws/build/my_py_pkg/prefix_override:/usr/lib/python3/dist-packages/colcon_core/task/python/colcon_distutils_commands:/home/jr/ros2_ws/install/my_py_pkg/lib/python3.10/site-packages:${PYTHONPATH} /usr/bin/python3 -W ignore:setup.py install is deprecated setup.py egg_info --egg-base ../../build/my_py_pkg build --build-base /home/jr/ros2_ws/build/my_py_pkg/build install --record /home/jr/ros2_ws/build/my_py_pkg/install.log --single-version-externally-managed install_data
[3.274s] running egg_info
[3.275s] creating ../../build/my_py_pkg/my_py_pkg.egg-info
[3.275s] writing ../../build/my_py_pkg/my_py_pkg.egg-info/PKG-INFO
[3.276s] writing dependency_links to ../../build/my_py_pkg/my_py_pkg.egg-info/dependency_links.txt
[3.276s] writing entry points to ../../build/my_py_pkg/my_py_pkg.egg-info/entry_points.txt
[3.276s] writing requirements to ../../build/my_py_pkg/my_py_pkg.egg-info/requires.txt
[3.276s] writing top-level names to ../../build/my_py_pkg/my_py_pkg.egg-info/top_level.txt
[3.279s] writing manifest file '../../build/my_py_pkg/my_py_pkg.egg-info/SOURCES.txt'
[3.281s] reading manifest file '../../build/my_py_pkg/my_py_pkg.egg-info/SOURCES.txt'
[3.283s] writing manifest file '../../build/my_py_pkg/my_py_pkg.egg-info/SOURCES.txt'
[3.283s] running build
[3.283s] running build_py
[3.283s] creating /home/jr/ros2_ws/build/my_py_pkg/build
[3.284s] creating /home/jr/ros2_ws/build/my_py_pkg/build/lib
[3.284s] creating /home/jr/ros2_ws/build/my_py_pkg/build/lib/my_py_pkg
[3.284s] copying my_py_pkg/my_first_node.py -> /home/jr/ros2_ws/build/my_py_pkg/build/lib/my_py_pkg
[3.284s] copying my_py_pkg/__init__.py -> /home/jr/ros2_ws/build/my_py_pkg/build/lib/my_py_pkg
[3.284s] running install
[3.285s] running install_lib
[3.288s] creating /home/jr/ros2_ws/install/my_py_pkg/lib/python3.10/site-packages/my_py_pkg
[3.288s] copying /home/jr/ros2_ws/build/my_py_pkg/build/lib/my_py_pkg/my_first_node.py -> /home/jr/ros2_ws/install/my_py_pkg/lib/python3.10/site-packages/my_py_pkg
[3.289s] copying /home/jr/ros2_ws/build/my_py_pkg/build/lib/my_py_pkg/__init__.py -> /home/jr/ros2_ws/install/my_py_pkg/lib/python3.10/site-packages/my_py_pkg
[3.292s] byte-compiling /home/jr/ros2_ws/install/my_py_pkg/lib/python3.10/site-packages/my_py_pkg/my_first_node.py to my_first_node.cpython-310.pyc
[3.293s] byte-compiling /home/jr/ros2_ws/install/my_py_pkg/lib/python3.10/site-packages/my_py_pkg/__init__.py to __init__.cpython-310.pyc
[3.294s] running install_data
[3.294s] creating /home/jr/ros2_ws/install/my_py_pkg/share/ament_index
[3.294s] creating /home/jr/ros2_ws/install/my_py_pkg/share/ament_index/resource_index
[3.294s] creating /home/jr/ros2_ws/install/my_py_pkg/share/ament_index/resource_index/packages
[3.295s] copying resource/my_py_pkg -> /home/jr/ros2_ws/install/my_py_pkg/share/ament_index/resource_index/packages
[3.295s] copying package.xml -> /home/jr/ros2_ws/install/my_py_pkg/share/my_py_pkg
[3.295s] running install_egg_info
[3.303s] Copying ../../build/my_py_pkg/my_py_pkg.egg-info to /home/jr/ros2_ws/install/my_py_pkg/lib/python3.10/site-packages/my_py_pkg-0.0.0-py3.10.egg-info
[3.307s] running install_scripts
[3.366s] writing list of installed files to '/home/jr/ros2_ws/build/my_py_pkg/install.log'
[3.436s] Invoked command in '/home/jr/ros2_ws/src/my_py_pkg' returned '0': PYTHONPATH=/home/jr/ros2_ws/build/my_py_pkg/prefix_override:/usr/lib/python3/dist-packages/colcon_core/task/python/colcon_distutils_commands:/home/jr/ros2_ws/install/my_py_pkg/lib/python3.10/site-packages:${PYTHONPATH} /usr/bin/python3 -W ignore:setup.py install is deprecated setup.py egg_info --egg-base ../../build/my_py_pkg build --build-base /home/jr/ros2_ws/build/my_py_pkg/build install --record /home/jr/ros2_ws/build/my_py_pkg/install.log --single-version-externally-managed install_data
