[1.283s] Invoking command in '/home/jr/ros2_ws/build/my_py_pkg': PYTHONPATH=/home/jr/ros2_ws/build/my_py_pkg/prefix_override:/usr/lib/python3/dist-packages/colcon_core/task/python/colcon_distutils_commands:/home/jr/ros2_ws/install/my_py_pkg/lib/python3.10/site-packages:${PYTHONPATH} /usr/bin/python3 -W ignore:setup.py install is deprecated setup.py develop --editable --build-directory /home/jr/ros2_ws/build/my_py_pkg/build --no-deps symlink_data --force
[1.822s] running develop
[2.162s] running egg_info
[2.162s] writing my_py_pkg.egg-info/PKG-INFO
[2.163s] writing dependency_links to my_py_pkg.egg-info/dependency_links.txt
[2.163s] writing entry points to my_py_pkg.egg-info/entry_points.txt
[2.164s] writing requirements to my_py_pkg.egg-info/requires.txt
[2.164s] writing top-level names to my_py_pkg.egg-info/top_level.txt
[2.168s] reading manifest file 'my_py_pkg.egg-info/SOURCES.txt'
[2.170s] writing manifest file 'my_py_pkg.egg-info/SOURCES.txt'
[2.172s] running build_ext
[2.173s] Creating /home/jr/ros2_ws/install/my_py_pkg/lib/python3.10/site-packages/my-py-pkg.egg-link (link to .)
[2.175s] Installing add_two_ints_server script to /home/jr/ros2_ws/install/my_py_pkg/lib/my_py_pkg
[2.175s] Installing py_node script to /home/jr/ros2_ws/install/my_py_pkg/lib/my_py_pkg
[2.176s] Installing robot_news_station script to /home/jr/ros2_ws/install/my_py_pkg/lib/my_py_pkg
[2.176s] Installing smartphone script to /home/jr/ros2_ws/install/my_py_pkg/lib/my_py_pkg
[2.176s] 
[2.176s] Installed /home/jr/ros2_ws/build/my_py_pkg
[2.177s] running symlink_data
[2.177s] symbolically linking /home/jr/ros2_ws/build/my_py_pkg/resource/my_py_pkg -> /home/jr/ros2_ws/install/my_py_pkg/share/ament_index/resource_index/packages
[2.177s] symbolically linking /home/jr/ros2_ws/build/my_py_pkg/package.xml -> /home/jr/ros2_ws/install/my_py_pkg/share/my_py_pkg
[2.218s] Invoked command in '/home/jr/ros2_ws/build/my_py_pkg' returned '0': PYTHONPATH=/home/jr/ros2_ws/build/my_py_pkg/prefix_override:/usr/lib/python3/dist-packages/colcon_core/task/python/colcon_distutils_commands:/home/jr/ros2_ws/install/my_py_pkg/lib/python3.10/site-packages:${PYTHONPATH} /usr/bin/python3 -W ignore:setup.py install is deprecated setup.py develop --editable --build-directory /home/jr/ros2_ws/build/my_py_pkg/build --no-deps symlink_data --force
